<testsuite failures="2"
           name="parkingApp/feature/tarifa.feature"
           skipped="0"
           tests="5"
           time="10.630404">
   <testcase classname="parkingApp.feature.tarifa"
             name="Listar recomendaciones por playa"
             time="10.066178">
      <failure message="tarifa.feature:23 - too many retry attempts: 3">Given url apiUrl .......................................................... passed
* def recVaciasParam = {hora: 1, dia: 20220207, playa: 1} ................. passed
* def recANParam = {hora: $, dia: #, playa: ?} ............................ passed
* def actualizaTarifa = read('classpath:parkingApp/json/tarifaRequest.json') . passed
* configure retry = { count: 3, interval: 5000 } .......................... passed
Given path '/python/getSugerenciaByPython' ................................ passed
* def recParams  = ........................................................ passed
And params recParams ...................................................... passed
And retry until response.probabilidad_python &gt; 0.0 ........................ passed
When method Get ........................................................... failed

Stack Trace:
com.intuit.karate.exception.KarateException: tarifa.feature:23 - too many retry attempts: 3&#xD;
	at ✽.When method Get (tarifa.feature:23)&#xD;

Then status 200 ........................................................... skipped</failure>
   </testcase>
   <testcase classname="parkingApp.feature.tarifa"
             name="Listar recomendaciones por playa con parametros con valores incorrectos"
             time="0.00334">
      <failure message="tarifa.feature:28 - javascript evaluation failed: recomedacionesVaciasParam, ReferenceError: &#34;recomedacionesVaciasParam&#34; is not defined in &lt;eval&gt; at line number 1">Given url apiUrl .......................................................... passed
* def recVaciasParam = {hora: 1, dia: 20220207, playa: 1} ................. passed
* def recANParam = {hora: $, dia: #, playa: ?} ............................ passed
* def actualizaTarifa = read('classpath:parkingApp/json/tarifaRequest.json') . passed
* configure retry = { count: 3, interval: 5000 } .......................... passed
Given path '/python/getSugerenciaByPython' ................................ passed
* def recParams  = ........................................................ passed
And params recParams ...................................................... passed
And retry until response.probabilidad_python &gt; 0.0 ........................ passed
When method Get ........................................................... failed

Stack Trace:
com.intuit.karate.exception.KarateException: tarifa.feature:23 - too many retry attempts: 3&#xD;
	at ✽.When method Get (tarifa.feature:23)&#xD;

Then status 200 ........................................................... skipped
Given url apiUrl .......................................................... passed
* def recVaciasParam = {hora: 1, dia: 20220207, playa: 1} ................. passed
* def recANParam = {hora: $, dia: #, playa: ?} ............................ passed
* def actualizaTarifa = read('classpath:parkingApp/json/tarifaRequest.json') . passed
Given path '/python/getSugerenciaByPython' ................................ passed
And params recomedacionesVaciasParam ...................................... failed

Stack Trace:
com.intuit.karate.exception.KarateException: tarifa.feature:28 - javascript evaluation failed: recomedacionesVaciasParam, ReferenceError: "recomedacionesVaciasParam" is not defined in &lt;eval&gt; at line number 1&#xD;
	at ✽.And params recomedacionesVaciasParam (tarifa.feature:28)&#xD;

When method Get ........................................................... skipped
Then status 500 ........................................................... skipped
And match response.error == "Internal Server Error" ....................... skipped</failure>
   </testcase>
   <testcase classname="parkingApp.feature.tarifa"
             name="Listar recomendaciones por playa con parametros con valores alfanumericos"
             time="0.011358">
      <system-out>Given url apiUrl .......................................................... passed
* def recVaciasParam = {hora: 1, dia: 20220207, playa: 1} ................. passed
* def recANParam = {hora: $, dia: #, playa: ?} ............................ passed
* def actualizaTarifa = read('classpath:parkingApp/json/tarifaRequest.json') . passed
* configure retry = { count: 3, interval: 5000 } .......................... passed
Given path '/python/getSugerenciaByPython' ................................ passed
* def recParams  = ........................................................ passed
And params recParams ...................................................... passed
And retry until response.probabilidad_python &gt; 0.0 ........................ passed
When method Get ........................................................... failed

Stack Trace:
com.intuit.karate.exception.KarateException: tarifa.feature:23 - too many retry attempts: 3&#xD;
	at ✽.When method Get (tarifa.feature:23)&#xD;

Then status 200 ........................................................... skipped
Given url apiUrl .......................................................... passed
* def recVaciasParam = {hora: 1, dia: 20220207, playa: 1} ................. passed
* def recANParam = {hora: $, dia: #, playa: ?} ............................ passed
* def actualizaTarifa = read('classpath:parkingApp/json/tarifaRequest.json') . passed
Given path '/python/getSugerenciaByPython' ................................ passed
And params recomedacionesVaciasParam ...................................... failed

Stack Trace:
com.intuit.karate.exception.KarateException: tarifa.feature:28 - javascript evaluation failed: recomedacionesVaciasParam, ReferenceError: "recomedacionesVaciasParam" is not defined in &lt;eval&gt; at line number 1&#xD;
	at ✽.And params recomedacionesVaciasParam (tarifa.feature:28)&#xD;

When method Get ........................................................... skipped
Then status 500 ........................................................... skipped
And match response.error == "Internal Server Error" ....................... skipped
Given url apiUrl .......................................................... passed
* def recVaciasParam = {hora: 1, dia: 20220207, playa: 1} ................. passed
* def recANParam = {hora: $, dia: #, playa: ?} ............................ passed
* def actualizaTarifa = read('classpath:parkingApp/json/tarifaRequest.json') . passed
Given path '/python/getSugerenciaByPython' ................................ passed
And params recANParam ..................................................... passed
When method Get ........................................................... passed
Then status 400 ........................................................... passed
And match response.error == "Bad Request" ................................. passed</system-out>
   </testcase>
   <testcase classname="parkingApp.feature.tarifa"
             name="Listar tarifas"
             time="0.017735">
      <system-out>Given url apiUrl .......................................................... passed
* def recVaciasParam = {hora: 1, dia: 20220207, playa: 1} ................. passed
* def recANParam = {hora: $, dia: #, playa: ?} ............................ passed
* def actualizaTarifa = read('classpath:parkingApp/json/tarifaRequest.json') . passed
* configure retry = { count: 3, interval: 5000 } .......................... passed
Given path '/python/getSugerenciaByPython' ................................ passed
* def recParams  = ........................................................ passed
And params recParams ...................................................... passed
And retry until response.probabilidad_python &gt; 0.0 ........................ passed
When method Get ........................................................... failed

Stack Trace:
com.intuit.karate.exception.KarateException: tarifa.feature:23 - too many retry attempts: 3&#xD;
	at ✽.When method Get (tarifa.feature:23)&#xD;

Then status 200 ........................................................... skipped
Given url apiUrl .......................................................... passed
* def recVaciasParam = {hora: 1, dia: 20220207, playa: 1} ................. passed
* def recANParam = {hora: $, dia: #, playa: ?} ............................ passed
* def actualizaTarifa = read('classpath:parkingApp/json/tarifaRequest.json') . passed
Given path '/python/getSugerenciaByPython' ................................ passed
And params recomedacionesVaciasParam ...................................... failed

Stack Trace:
com.intuit.karate.exception.KarateException: tarifa.feature:28 - javascript evaluation failed: recomedacionesVaciasParam, ReferenceError: "recomedacionesVaciasParam" is not defined in &lt;eval&gt; at line number 1&#xD;
	at ✽.And params recomedacionesVaciasParam (tarifa.feature:28)&#xD;

When method Get ........................................................... skipped
Then status 500 ........................................................... skipped
And match response.error == "Internal Server Error" ....................... skipped
Given url apiUrl .......................................................... passed
* def recVaciasParam = {hora: 1, dia: 20220207, playa: 1} ................. passed
* def recANParam = {hora: $, dia: #, playa: ?} ............................ passed
* def actualizaTarifa = read('classpath:parkingApp/json/tarifaRequest.json') . passed
Given path '/python/getSugerenciaByPython' ................................ passed
And params recANParam ..................................................... passed
When method Get ........................................................... passed
Then status 400 ........................................................... passed
And match response.error == "Bad Request" ................................. passed
Given url apiUrl .......................................................... passed
* def recVaciasParam = {hora: 1, dia: 20220207, playa: 1} ................. passed
* def recANParam = {hora: $, dia: #, playa: ?} ............................ passed
* def actualizaTarifa = read('classpath:parkingApp/json/tarifaRequest.json') . passed
Given path 'tarifa/getTarifas' ............................................ passed
When method Get ........................................................... passed
Then status 200 ........................................................... passed</system-out>
   </testcase>
   <testcase classname="parkingApp.feature.tarifa"
             name="actualizar precio de playas"
             time="0.531794">
      <system-out>Given url apiUrl .......................................................... passed
* def recVaciasParam = {hora: 1, dia: 20220207, playa: 1} ................. passed
* def recANParam = {hora: $, dia: #, playa: ?} ............................ passed
* def actualizaTarifa = read('classpath:parkingApp/json/tarifaRequest.json') . passed
* configure retry = { count: 3, interval: 5000 } .......................... passed
Given path '/python/getSugerenciaByPython' ................................ passed
* def recParams  = ........................................................ passed
And params recParams ...................................................... passed
And retry until response.probabilidad_python &gt; 0.0 ........................ passed
When method Get ........................................................... failed

Stack Trace:
com.intuit.karate.exception.KarateException: tarifa.feature:23 - too many retry attempts: 3&#xD;
	at ✽.When method Get (tarifa.feature:23)&#xD;

Then status 200 ........................................................... skipped
Given url apiUrl .......................................................... passed
* def recVaciasParam = {hora: 1, dia: 20220207, playa: 1} ................. passed
* def recANParam = {hora: $, dia: #, playa: ?} ............................ passed
* def actualizaTarifa = read('classpath:parkingApp/json/tarifaRequest.json') . passed
Given path '/python/getSugerenciaByPython' ................................ passed
And params recomedacionesVaciasParam ...................................... failed

Stack Trace:
com.intuit.karate.exception.KarateException: tarifa.feature:28 - javascript evaluation failed: recomedacionesVaciasParam, ReferenceError: "recomedacionesVaciasParam" is not defined in &lt;eval&gt; at line number 1&#xD;
	at ✽.And params recomedacionesVaciasParam (tarifa.feature:28)&#xD;

When method Get ........................................................... skipped
Then status 500 ........................................................... skipped
And match response.error == "Internal Server Error" ....................... skipped
Given url apiUrl .......................................................... passed
* def recVaciasParam = {hora: 1, dia: 20220207, playa: 1} ................. passed
* def recANParam = {hora: $, dia: #, playa: ?} ............................ passed
* def actualizaTarifa = read('classpath:parkingApp/json/tarifaRequest.json') . passed
Given path '/python/getSugerenciaByPython' ................................ passed
And params recANParam ..................................................... passed
When method Get ........................................................... passed
Then status 400 ........................................................... passed
And match response.error == "Bad Request" ................................. passed
Given url apiUrl .......................................................... passed
* def recVaciasParam = {hora: 1, dia: 20220207, playa: 1} ................. passed
* def recANParam = {hora: $, dia: #, playa: ?} ............................ passed
* def actualizaTarifa = read('classpath:parkingApp/json/tarifaRequest.json') . passed
Given path 'tarifa/getTarifas' ............................................ passed
When method Get ........................................................... passed
Then status 200 ........................................................... passed
Given url apiUrl .......................................................... passed
* def recVaciasParam = {hora: 1, dia: 20220207, playa: 1} ................. passed
* def recANParam = {hora: $, dia: #, playa: ?} ............................ passed
* def actualizaTarifa = read('classpath:parkingApp/json/tarifaRequest.json') . passed
Given path 'tarifa/updateTarifaPorProbabilidad' ........................... passed
And request actualizaTarifa ............................................... passed
When method Post .......................................................... passed
Then status 200 ........................................................... passed
And match responseType == 'json' .......................................... passed</system-out>
   </testcase>
</testsuite>
