<testsuite failures="0"
           name="parkingApp/feature/plaqueoVehicular.feature"
           skipped="0"
           tests="36"
           time="0.835193">
   <testcase classname="parkingApp.feature.plaqueoVehicular"
             name="consultar plaqueos"
             time="0.014589">
      <system-out>* url apiUrl .............................................................. passed
* path 'parqueo/consultaPlaca' ............................................ passed
When request {"texto":"ABC-123"} .......................................... passed
And method Post ........................................................... passed
Then status 200 ........................................................... passed</system-out>
   </testcase>
   <testcase classname="parkingApp.feature.plaqueoVehicular"
             name="consultar plaqueos desde csv"
             time="0.012877">
      <system-out>* url apiUrl .............................................................. passed
* path 'parqueo/consultaPlaca' ............................................ passed
When request {"texto":"ABC-123"} .......................................... passed
And method Post ........................................................... passed
Then status 200 ........................................................... passed
* url apiUrl .............................................................. passed
* path 'parqueo/consultaPlaca' ............................................ passed
When request {"texto":  PRUEBA} ........................................... passed
And method Post ........................................................... passed
Then status 200 ........................................................... passed</system-out>
   </testcase>
   <testcase classname="parkingApp.feature.plaqueoVehicular"
             name="consultar plaqueos desde csv"
             time="0.04188">
      <system-out>* url apiUrl .............................................................. passed
* path 'parqueo/consultaPlaca' ............................................ passed
When request {"texto":"ABC-123"} .......................................... passed
And method Post ........................................................... passed
Then status 200 ........................................................... passed
* url apiUrl .............................................................. passed
* path 'parqueo/consultaPlaca' ............................................ passed
When request {"texto":  PRUEBA} ........................................... passed
And method Post ........................................................... passed
Then status 200 ........................................................... passed
* url apiUrl .............................................................. passed
* path 'parqueo/consultaPlaca' ............................................ passed
When request {"texto":  Ffv-ghk} .......................................... passed
And method Post ........................................................... passed
Then status 200 ........................................................... passed</system-out>
   </testcase>
   <testcase classname="parkingApp.feature.plaqueoVehicular"
             name="consultar plaqueos desde csv"
             time="0.018156">
      <system-out>* url apiUrl .............................................................. passed
* path 'parqueo/consultaPlaca' ............................................ passed
When request {"texto":"ABC-123"} .......................................... passed
And method Post ........................................................... passed
Then status 200 ........................................................... passed
* url apiUrl .............................................................. passed
* path 'parqueo/consultaPlaca' ............................................ passed
When request {"texto":  PRUEBA} ........................................... passed
And method Post ........................................................... passed
Then status 200 ........................................................... passed
* url apiUrl .............................................................. passed
* path 'parqueo/consultaPlaca' ............................................ passed
When request {"texto":  Ffv-ghk} .......................................... passed
And method Post ........................................................... passed
Then status 200 ........................................................... passed
* url apiUrl .............................................................. passed
* path 'parqueo/consultaPlaca' ............................................ passed
When request {"texto":  Abc-457} .......................................... passed
And method Post ........................................................... passed
Then status 200 ........................................................... passed</system-out>
   </testcase>
   <testcase classname="parkingApp.feature.plaqueoVehicular"
             name="consultar plaqueos desde csv"
             time="0.085132">
      <system-out>* url apiUrl .............................................................. passed
* path 'parqueo/consultaPlaca' ............................................ passed
When request {"texto":"ABC-123"} .......................................... passed
And method Post ........................................................... passed
Then status 200 ........................................................... passed
* url apiUrl .............................................................. passed
* path 'parqueo/consultaPlaca' ............................................ passed
When request {"texto":  PRUEBA} ........................................... passed
And method Post ........................................................... passed
Then status 200 ........................................................... passed
* url apiUrl .............................................................. passed
* path 'parqueo/consultaPlaca' ............................................ passed
When request {"texto":  Ffv-ghk} .......................................... passed
And method Post ........................................................... passed
Then status 200 ........................................................... passed
* url apiUrl .............................................................. passed
* path 'parqueo/consultaPlaca' ............................................ passed
When request {"texto":  Abc-457} .......................................... passed
And method Post ........................................................... passed
Then status 200 ........................................................... passed
* url apiUrl .............................................................. passed
* path 'parqueo/consultaPlaca' ............................................ passed
When request {"texto":  F5G-482} .......................................... passed
And method Post ........................................................... passed
Then status 200 ........................................................... passed</system-out>
   </testcase>
   <testcase classname="parkingApp.feature.plaqueoVehicular"
             name="consultar plaqueos desde csv"
             time="0.032525">
      <system-out>* url apiUrl .............................................................. passed
* path 'parqueo/consultaPlaca' ............................................ passed
When request {"texto":"ABC-123"} .......................................... passed
And method Post ........................................................... passed
Then status 200 ........................................................... passed
* url apiUrl .............................................................. passed
* path 'parqueo/consultaPlaca' ............................................ passed
When request {"texto":  PRUEBA} ........................................... passed
And method Post ........................................................... passed
Then status 200 ........................................................... passed
* url apiUrl .............................................................. passed
* path 'parqueo/consultaPlaca' ............................................ passed
When request {"texto":  Ffv-ghk} .......................................... passed
And method Post ........................................................... passed
Then status 200 ........................................................... passed
* url apiUrl .............................................................. passed
* path 'parqueo/consultaPlaca' ............................................ passed
When request {"texto":  Abc-457} .......................................... passed
And method Post ........................................................... passed
Then status 200 ........................................................... passed
* url apiUrl .............................................................. passed
* path 'parqueo/consultaPlaca' ............................................ passed
When request {"texto":  F5G-482} .......................................... passed
And method Post ........................................................... passed
Then status 200 ........................................................... passed
* url apiUrl .............................................................. passed
* path 'parqueo/consultaPlaca' ............................................ passed
When request {"texto":  AWX-560} .......................................... passed
And method Post ........................................................... passed
Then status 200 ........................................................... passed</system-out>
   </testcase>
   <testcase classname="parkingApp.feature.plaqueoVehicular"
             name="consultar plaqueos desde csv"
             time="0.030198">
      <system-out>* url apiUrl .............................................................. passed
* path 'parqueo/consultaPlaca' ............................................ passed
When request {"texto":"ABC-123"} .......................................... passed
And method Post ........................................................... passed
Then status 200 ........................................................... passed
* url apiUrl .............................................................. passed
* path 'parqueo/consultaPlaca' ............................................ passed
When request {"texto":  PRUEBA} ........................................... passed
And method Post ........................................................... passed
Then status 200 ........................................................... passed
* url apiUrl .............................................................. passed
* path 'parqueo/consultaPlaca' ............................................ passed
When request {"texto":  Ffv-ghk} .......................................... passed
And method Post ........................................................... passed
Then status 200 ........................................................... passed
* url apiUrl .............................................................. passed
* path 'parqueo/consultaPlaca' ............................................ passed
When request {"texto":  Abc-457} .......................................... passed
And method Post ........................................................... passed
Then status 200 ........................................................... passed
* url apiUrl .............................................................. passed
* path 'parqueo/consultaPlaca' ............................................ passed
When request {"texto":  F5G-482} .......................................... passed
And method Post ........................................................... passed
Then status 200 ........................................................... passed
* url apiUrl .............................................................. passed
* path 'parqueo/consultaPlaca' ............................................ passed
When request {"texto":  AWX-560} .......................................... passed
And method Post ........................................................... passed
Then status 200 ........................................................... passed
* url apiUrl .............................................................. passed
* path 'parqueo/consultaPlaca' ............................................ passed
When request {"texto":  AJN-123} .......................................... passed
And method Post ........................................................... passed
Then status 200 ........................................................... passed</system-out>
   </testcase>
   <testcase classname="parkingApp.feature.plaqueoVehicular"
             name="consultar plaqueos desde csv"
             time="0.040319">
      <system-out>* url apiUrl .............................................................. passed
* path 'parqueo/consultaPlaca' ............................................ passed
When request {"texto":"ABC-123"} .......................................... passed
And method Post ........................................................... passed
Then status 200 ........................................................... passed
* url apiUrl .............................................................. passed
* path 'parqueo/consultaPlaca' ............................................ passed
When request {"texto":  PRUEBA} ........................................... passed
And method Post ........................................................... passed
Then status 200 ........................................................... passed
* url apiUrl .............................................................. passed
* path 'parqueo/consultaPlaca' ............................................ passed
When request {"texto":  Ffv-ghk} .......................................... passed
And method Post ........................................................... passed
Then status 200 ........................................................... passed
* url apiUrl .............................................................. passed
* path 'parqueo/consultaPlaca' ............................................ passed
When request {"texto":  Abc-457} .......................................... passed
And method Post ........................................................... passed
Then status 200 ........................................................... passed
* url apiUrl .............................................................. passed
* path 'parqueo/consultaPlaca' ............................................ passed
When request {"texto":  F5G-482} .......................................... passed
And method Post ........................................................... passed
Then status 200 ........................................................... passed
* url apiUrl .............................................................. passed
* path 'parqueo/consultaPlaca' ............................................ passed
When request {"texto":  AWX-560} .......................................... passed
And method Post ........................................................... passed
Then status 200 ........................................................... passed
* url apiUrl .............................................................. passed
* path 'parqueo/consultaPlaca' ............................................ passed
When request {"texto":  AJN-123} .......................................... passed
And method Post ........................................................... passed
Then status 200 ........................................................... passed
* url apiUrl .............................................................. passed
* path 'parqueo/consultaPlaca' ............................................ passed
When request {"texto":  RIH-166} .......................................... passed
And method Post ........................................................... passed
Then status 200 ........................................................... passed</system-out>
   </testcase>
   <testcase classname="parkingApp.feature.plaqueoVehicular"
             name="consultar plaqueos desde csv"
             time="0.025167">
      <system-out>* url apiUrl .............................................................. passed
* path 'parqueo/consultaPlaca' ............................................ passed
When request {"texto":"ABC-123"} .......................................... passed
And method Post ........................................................... passed
Then status 200 ........................................................... passed
* url apiUrl .............................................................. passed
* path 'parqueo/consultaPlaca' ............................................ passed
When request {"texto":  PRUEBA} ........................................... passed
And method Post ........................................................... passed
Then status 200 ........................................................... passed
* url apiUrl .............................................................. passed
* path 'parqueo/consultaPlaca' ............................................ passed
When request {"texto":  Ffv-ghk} .......................................... passed
And method Post ........................................................... passed
Then status 200 ........................................................... passed
* url apiUrl .............................................................. passed
* path 'parqueo/consultaPlaca' ............................................ passed
When request {"texto":  Abc-457} .......................................... passed
And method Post ........................................................... passed
Then status 200 ........................................................... passed
* url apiUrl .............................................................. passed
* path 'parqueo/consultaPlaca' ............................................ passed
When request {"texto":  F5G-482} .......................................... passed
And method Post ........................................................... passed
Then status 200 ........................................................... passed
* url apiUrl .............................................................. passed
* path 'parqueo/consultaPlaca' ............................................ passed
When request {"texto":  AWX-560} .......................................... passed
And method Post ........................................................... passed
Then status 200 ........................................................... passed
* url apiUrl .............................................................. passed
* path 'parqueo/consultaPlaca' ............................................ passed
When request {"texto":  AJN-123} .......................................... passed
And method Post ........................................................... passed
Then status 200 ........................................................... passed
* url apiUrl .............................................................. passed
* path 'parqueo/consultaPlaca' ............................................ passed
When request {"texto":  RIH-166} .......................................... passed
And method Post ........................................................... passed
Then status 200 ........................................................... passed
* url apiUrl .............................................................. passed
* path 'parqueo/consultaPlaca' ............................................ passed
When request {"texto":  A1A-602} .......................................... passed
And method Post ........................................................... passed
Then status 200 ........................................................... passed</system-out>
   </testcase>
   <testcase classname="parkingApp.feature.plaqueoVehicular"
             name="consultar plaqueos desde csv"
             time="0.029067">
      <system-out>* url apiUrl .............................................................. passed
* path 'parqueo/consultaPlaca' ............................................ passed
When request {"texto":"ABC-123"} .......................................... passed
And method Post ........................................................... passed
Then status 200 ........................................................... passed
* url apiUrl .............................................................. passed
* path 'parqueo/consultaPlaca' ............................................ passed
When request {"texto":  PRUEBA} ........................................... passed
And method Post ........................................................... passed
Then status 200 ........................................................... passed
* url apiUrl .............................................................. passed
* path 'parqueo/consultaPlaca' ............................................ passed
When request {"texto":  Ffv-ghk} .......................................... passed
And method Post ........................................................... passed
Then status 200 ........................................................... passed
* url apiUrl .............................................................. passed
* path 'parqueo/consultaPlaca' ............................................ passed
When request {"texto":  Abc-457} .......................................... passed
And method Post ........................................................... passed
Then status 200 ........................................................... passed
* url apiUrl .............................................................. passed
* path 'parqueo/consultaPlaca' ............................................ passed
When request {"texto":  F5G-482} .......................................... passed
And method Post ........................................................... passed
Then status 200 ........................................................... passed
* url apiUrl .............................................................. passed
* path 'parqueo/consultaPlaca' ............................................ passed
When request {"texto":  AWX-560} .......................................... passed
And method Post ........................................................... passed
Then status 200 ........................................................... passed
* url apiUrl .............................................................. passed
* path 'parqueo/consultaPlaca' ............................................ passed
When request {"texto":  AJN-123} .......................................... passed
And method Post ........................................................... passed
Then status 200 ........................................................... passed
* url apiUrl .............................................................. passed
* path 'parqueo/consultaPlaca' ............................................ passed
When request {"texto":  RIH-166} .......................................... passed
And method Post ........................................................... passed
Then status 200 ........................................................... passed
* url apiUrl .............................................................. passed
* path 'parqueo/consultaPlaca' ............................................ passed
When request {"texto":  A1A-602} .......................................... passed
And method Post ........................................................... passed
Then status 200 ........................................................... passed
* url apiUrl .............................................................. passed
* path 'parqueo/consultaPlaca' ............................................ passed
When request {"texto":  F5M-607} .......................................... passed
And method Post ........................................................... passed
Then status 200 ........................................................... passed</system-out>
   </testcase>
   <testcase classname="parkingApp.feature.plaqueoVehicular"
             name="consultar plaqueos desde csv"
             time="0.010091">
      <system-out>* url apiUrl .............................................................. passed
* path 'parqueo/consultaPlaca' ............................................ passed
When request {"texto":"ABC-123"} .......................................... passed
And method Post ........................................................... passed
Then status 200 ........................................................... passed
* url apiUrl .............................................................. passed
* path 'parqueo/consultaPlaca' ............................................ passed
When request {"texto":  PRUEBA} ........................................... passed
And method Post ........................................................... passed
Then status 200 ........................................................... passed
* url apiUrl .............................................................. passed
* path 'parqueo/consultaPlaca' ............................................ passed
When request {"texto":  Ffv-ghk} .......................................... passed
And method Post ........................................................... passed
Then status 200 ........................................................... passed
* url apiUrl .............................................................. passed
* path 'parqueo/consultaPlaca' ............................................ passed
When request {"texto":  Abc-457} .......................................... passed
And method Post ........................................................... passed
Then status 200 ........................................................... passed
* url apiUrl .............................................................. passed
* path 'parqueo/consultaPlaca' ............................................ passed
When request {"texto":  F5G-482} .......................................... passed
And method Post ........................................................... passed
Then status 200 ........................................................... passed
* url apiUrl .............................................................. passed
* path 'parqueo/consultaPlaca' ............................................ passed
When request {"texto":  AWX-560} .......................................... passed
And method Post ........................................................... passed
Then status 200 ........................................................... passed
* url apiUrl .............................................................. passed
* path 'parqueo/consultaPlaca' ............................................ passed
When request {"texto":  AJN-123} .......................................... passed
And method Post ........................................................... passed
Then status 200 ........................................................... passed
* url apiUrl .............................................................. passed
* path 'parqueo/consultaPlaca' ............................................ passed
When request {"texto":  RIH-166} .......................................... passed
And method Post ........................................................... passed
Then status 200 ........................................................... passed
* url apiUrl .............................................................. passed
* path 'parqueo/consultaPlaca' ............................................ passed
When request {"texto":  A1A-602} .......................................... passed
And method Post ........................................................... passed
Then status 200 ........................................................... passed
* url apiUrl .............................................................. passed
* path 'parqueo/consultaPlaca' ............................................ passed
When request {"texto":  F5M-607} .......................................... passed
And method Post ........................................................... passed
Then status 200 ........................................................... passed
* url apiUrl .............................................................. passed
* path 'parqueo/consultaPlaca' ............................................ passed
When request {"texto":  AMP-125} .......................................... passed
And method Post ........................................................... passed
Then status 200 ........................................................... passed</system-out>
   </testcase>
   <testcase classname="parkingApp.feature.plaqueoVehicular"
             name="consultar plaqueos desde csv"
             time="0.013694">
      <system-out>* url apiUrl .............................................................. passed
* path 'parqueo/consultaPlaca' ............................................ passed
When request {"texto":"ABC-123"} .......................................... passed
And method Post ........................................................... passed
Then status 200 ........................................................... passed
* url apiUrl .............................................................. passed
* path 'parqueo/consultaPlaca' ............................................ passed
When request {"texto":  PRUEBA} ........................................... passed
And method Post ........................................................... passed
Then status 200 ........................................................... passed
* url apiUrl .............................................................. passed
* path 'parqueo/consultaPlaca' ............................................ passed
When request {"texto":  Ffv-ghk} .......................................... passed
And method Post ........................................................... passed
Then status 200 ........................................................... passed
* url apiUrl .............................................................. passed
* path 'parqueo/consultaPlaca' ............................................ passed
When request {"texto":  Abc-457} .......................................... passed
And method Post ........................................................... passed
Then status 200 ........................................................... passed
* url apiUrl .............................................................. passed
* path 'parqueo/consultaPlaca' ............................................ passed
When request {"texto":  F5G-482} .......................................... passed
And method Post ........................................................... passed
Then status 200 ........................................................... passed
* url apiUrl .............................................................. passed
* path 'parqueo/consultaPlaca' ............................................ passed
When request {"texto":  AWX-560} .......................................... passed
And method Post ........................................................... passed
Then status 200 ........................................................... passed
* url apiUrl .............................................................. passed
* path 'parqueo/consultaPlaca' ............................................ passed
When request {"texto":  AJN-123} .......................................... passed
And method Post ........................................................... passed
Then status 200 ........................................................... passed
* url apiUrl .............................................................. passed
* path 'parqueo/consultaPlaca' ............................................ passed
When request {"texto":  RIH-166} .......................................... passed
And method Post ........................................................... passed
Then status 200 ........................................................... passed
* url apiUrl .............................................................. passed
* path 'parqueo/consultaPlaca' ............................................ passed
When request {"texto":  A1A-602} .......................................... passed
And method Post ........................................................... passed
Then status 200 ........................................................... passed
* url apiUrl .............................................................. passed
* path 'parqueo/consultaPlaca' ............................................ passed
When request {"texto":  F5M-607} .......................................... passed
And method Post ........................................................... passed
Then status 200 ........................................................... passed
* url apiUrl .............................................................. passed
* path 'parqueo/consultaPlaca' ............................................ passed
When request {"texto":  AMP-125} .......................................... passed
And method Post ........................................................... passed
Then status 200 ........................................................... passed
* url apiUrl .............................................................. passed
* path 'parqueo/consultaPlaca' ............................................ passed
When request {"texto":  AZF-044} .......................................... passed
And method Post ........................................................... passed
Then status 200 ........................................................... passed</system-out>
   </testcase>
   <testcase classname="parkingApp.feature.plaqueoVehicular"
             name="consultar plaqueos desde csv"
             time="0.034434">
      <system-out>* url apiUrl .............................................................. passed
* path 'parqueo/consultaPlaca' ............................................ passed
When request {"texto":"ABC-123"} .......................................... passed
And method Post ........................................................... passed
Then status 200 ........................................................... passed
* url apiUrl .............................................................. passed
* path 'parqueo/consultaPlaca' ............................................ passed
When request {"texto":  PRUEBA} ........................................... passed
And method Post ........................................................... passed
Then status 200 ........................................................... passed
* url apiUrl .............................................................. passed
* path 'parqueo/consultaPlaca' ............................................ passed
When request {"texto":  Ffv-ghk} .......................................... passed
And method Post ........................................................... passed
Then status 200 ........................................................... passed
* url apiUrl .............................................................. passed
* path 'parqueo/consultaPlaca' ............................................ passed
When request {"texto":  Abc-457} .......................................... passed
And method Post ........................................................... passed
Then status 200 ........................................................... passed
* url apiUrl .............................................................. passed
* path 'parqueo/consultaPlaca' ............................................ passed
When request {"texto":  F5G-482} .......................................... passed
And method Post ........................................................... passed
Then status 200 ........................................................... passed
* url apiUrl .............................................................. passed
* path 'parqueo/consultaPlaca' ............................................ passed
When request {"texto":  AWX-560} .......................................... passed
And method Post ........................................................... passed
Then status 200 ........................................................... passed
* url apiUrl .............................................................. passed
* path 'parqueo/consultaPlaca' ............................................ passed
When request {"texto":  AJN-123} .......................................... passed
And method Post ........................................................... passed
Then status 200 ........................................................... passed
* url apiUrl .............................................................. passed
* path 'parqueo/consultaPlaca' ............................................ passed
When request {"texto":  RIH-166} .......................................... passed
And method Post ........................................................... passed
Then status 200 ........................................................... passed
* url apiUrl .............................................................. passed
* path 'parqueo/consultaPlaca' ............................................ passed
When request {"texto":  A1A-602} .......................................... passed
And method Post ........................................................... passed
Then status 200 ........................................................... passed
* url apiUrl .............................................................. passed
* path 'parqueo/consultaPlaca' ............................................ passed
When request {"texto":  F5M-607} .......................................... passed
And method Post ........................................................... passed
Then status 200 ........................................................... passed
* url apiUrl .............................................................. passed
* path 'parqueo/consultaPlaca' ............................................ passed
When request {"texto":  AMP-125} .......................................... passed
And method Post ........................................................... passed
Then status 200 ........................................................... passed
* url apiUrl .............................................................. passed
* path 'parqueo/consultaPlaca' ............................................ passed
When request {"texto":  AZF-044} .......................................... passed
And method Post ........................................................... passed
Then status 200 ........................................................... passed
* url apiUrl .............................................................. passed
* path 'parqueo/consultaPlaca' ............................................ passed
When request {"texto":  F2A-199} .......................................... passed
And method Post ........................................................... passed
Then status 200 ........................................................... passed</system-out>
   </testcase>
   <testcase classname="parkingApp.feature.plaqueoVehicular"
             name="consultar plaqueos desde csv"
             time="0.042481">
      <system-out>* url apiUrl .............................................................. passed
* path 'parqueo/consultaPlaca' ............................................ passed
When request {"texto":"ABC-123"} .......................................... passed
And method Post ........................................................... passed
Then status 200 ........................................................... passed
* url apiUrl .............................................................. passed
* path 'parqueo/consultaPlaca' ............................................ passed
When request {"texto":  PRUEBA} ........................................... passed
And method Post ........................................................... passed
Then status 200 ........................................................... passed
* url apiUrl .............................................................. passed
* path 'parqueo/consultaPlaca' ............................................ passed
When request {"texto":  Ffv-ghk} .......................................... passed
And method Post ........................................................... passed
Then status 200 ........................................................... passed
* url apiUrl .............................................................. passed
* path 'parqueo/consultaPlaca' ............................................ passed
When request {"texto":  Abc-457} .......................................... passed
And method Post ........................................................... passed
Then status 200 ........................................................... passed
* url apiUrl .............................................................. passed
* path 'parqueo/consultaPlaca' ............................................ passed
When request {"texto":  F5G-482} .......................................... passed
And method Post ........................................................... passed
Then status 200 ........................................................... passed
* url apiUrl .............................................................. passed
* path 'parqueo/consultaPlaca' ............................................ passed
When request {"texto":  AWX-560} .......................................... passed
And method Post ........................................................... passed
Then status 200 ........................................................... passed
* url apiUrl .............................................................. passed
* path 'parqueo/consultaPlaca' ............................................ passed
When request {"texto":  AJN-123} .......................................... passed
And method Post ........................................................... passed
Then status 200 ........................................................... passed
* url apiUrl .............................................................. passed
* path 'parqueo/consultaPlaca' ............................................ passed
When request {"texto":  RIH-166} .......................................... passed
And method Post ........................................................... passed
Then status 200 ........................................................... passed
* url apiUrl .............................................................. passed
* path 'parqueo/consultaPlaca' ............................................ passed
When request {"texto":  A1A-602} .......................................... passed
And method Post ........................................................... passed
Then status 200 ........................................................... passed
* url apiUrl .............................................................. passed
* path 'parqueo/consultaPlaca' ............................................ passed
When request {"texto":  F5M-607} .......................................... passed
And method Post ........................................................... passed
Then status 200 ........................................................... passed
* url apiUrl .............................................................. passed
* path 'parqueo/consultaPlaca' ............................................ passed
When request {"texto":  AMP-125} .......................................... passed
And method Post ........................................................... passed
Then status 200 ........................................................... passed
* url apiUrl .............................................................. passed
* path 'parqueo/consultaPlaca' ............................................ passed
When request {"texto":  AZF-044} .......................................... passed
And method Post ........................................................... passed
Then status 200 ........................................................... passed
* url apiUrl .............................................................. passed
* path 'parqueo/consultaPlaca' ............................................ passed
When request {"texto":  F2A-199} .......................................... passed
And method Post ........................................................... passed
Then status 200 ........................................................... passed
* url apiUrl .............................................................. passed
* path 'parqueo/consultaPlaca' ............................................ passed
When request {"texto":  T1V-416} .......................................... passed
And method Post ........................................................... passed
Then status 200 ........................................................... passed</system-out>
   </testcase>
   <testcase classname="parkingApp.feature.plaqueoVehicular"
             name="consultar plaqueos desde csv"
             time="0.064462">
      <system-out>* url apiUrl .............................................................. passed
* path 'parqueo/consultaPlaca' ............................................ passed
When request {"texto":"ABC-123"} .......................................... passed
And method Post ........................................................... passed
Then status 200 ........................................................... passed
* url apiUrl .............................................................. passed
* path 'parqueo/consultaPlaca' ............................................ passed
When request {"texto":  PRUEBA} ........................................... passed
And method Post ........................................................... passed
Then status 200 ........................................................... passed
* url apiUrl .............................................................. passed
* path 'parqueo/consultaPlaca' ............................................ passed
When request {"texto":  Ffv-ghk} .......................................... passed
And method Post ........................................................... passed
Then status 200 ........................................................... passed
* url apiUrl .............................................................. passed
* path 'parqueo/consultaPlaca' ............................................ passed
When request {"texto":  Abc-457} .......................................... passed
And method Post ........................................................... passed
Then status 200 ........................................................... passed
* url apiUrl .............................................................. passed
* path 'parqueo/consultaPlaca' ............................................ passed
When request {"texto":  F5G-482} .......................................... passed
And method Post ........................................................... passed
Then status 200 ........................................................... passed
* url apiUrl .............................................................. passed
* path 'parqueo/consultaPlaca' ............................................ passed
When request {"texto":  AWX-560} .......................................... passed
And method Post ........................................................... passed
Then status 200 ........................................................... passed
* url apiUrl .............................................................. passed
* path 'parqueo/consultaPlaca' ............................................ passed
When request {"texto":  AJN-123} .......................................... passed
And method Post ........................................................... passed
Then status 200 ........................................................... passed
* url apiUrl .............................................................. passed
* path 'parqueo/consultaPlaca' ............................................ passed
When request {"texto":  RIH-166} .......................................... passed
And method Post ........................................................... passed
Then status 200 ........................................................... passed
* url apiUrl .............................................................. passed
* path 'parqueo/consultaPlaca' ............................................ passed
When request {"texto":  A1A-602} .......................................... passed
And method Post ........................................................... passed
Then status 200 ........................................................... passed
* url apiUrl .............................................................. passed
* path 'parqueo/consultaPlaca' ............................................ passed
When request {"texto":  F5M-607} .......................................... passed
And method Post ........................................................... passed
Then status 200 ........................................................... passed
* url apiUrl .............................................................. passed
* path 'parqueo/consultaPlaca' ............................................ passed
When request {"texto":  AMP-125} .......................................... passed
And method Post ........................................................... passed
Then status 200 ........................................................... passed
* url apiUrl .............................................................. passed
* path 'parqueo/consultaPlaca' ............................................ passed
When request {"texto":  AZF-044} .......................................... passed
And method Post ........................................................... passed
Then status 200 ........................................................... passed
* url apiUrl .............................................................. passed
* path 'parqueo/consultaPlaca' ............................................ passed
When request {"texto":  F2A-199} .......................................... passed
And method Post ........................................................... passed
Then status 200 ........................................................... passed
* url apiUrl .............................................................. passed
* path 'parqueo/consultaPlaca' ............................................ passed
When request {"texto":  T1V-416} .......................................... passed
And method Post ........................................................... passed
Then status 200 ........................................................... passed
* url apiUrl .............................................................. passed
* path 'parqueo/consultaPlaca' ............................................ passed
When request {"texto":  WF0-293} .......................................... passed
And method Post ........................................................... passed
Then status 200 ........................................................... passed</system-out>
   </testcase>
   <testcase classname="parkingApp.feature.plaqueoVehicular"
             name="consultar plaqueos desde csv"
             time="0.021403">
      <system-out>* url apiUrl .............................................................. passed
* path 'parqueo/consultaPlaca' ............................................ passed
When request {"texto":"ABC-123"} .......................................... passed
And method Post ........................................................... passed
Then status 200 ........................................................... passed
* url apiUrl .............................................................. passed
* path 'parqueo/consultaPlaca' ............................................ passed
When request {"texto":  PRUEBA} ........................................... passed
And method Post ........................................................... passed
Then status 200 ........................................................... passed
* url apiUrl .............................................................. passed
* path 'parqueo/consultaPlaca' ............................................ passed
When request {"texto":  Ffv-ghk} .......................................... passed
And method Post ........................................................... passed
Then status 200 ........................................................... passed
* url apiUrl .............................................................. passed
* path 'parqueo/consultaPlaca' ............................................ passed
When request {"texto":  Abc-457} .......................................... passed
And method Post ........................................................... passed
Then status 200 ........................................................... passed
* url apiUrl .............................................................. passed
* path 'parqueo/consultaPlaca' ............................................ passed
When request {"texto":  F5G-482} .......................................... passed
And method Post ........................................................... passed
Then status 200 ........................................................... passed
* url apiUrl .............................................................. passed
* path 'parqueo/consultaPlaca' ............................................ passed
When request {"texto":  AWX-560} .......................................... passed
And method Post ........................................................... passed
Then status 200 ........................................................... passed
* url apiUrl .............................................................. passed
* path 'parqueo/consultaPlaca' ............................................ passed
When request {"texto":  AJN-123} .......................................... passed
And method Post ........................................................... passed
Then status 200 ........................................................... passed
* url apiUrl .............................................................. passed
* path 'parqueo/consultaPlaca' ............................................ passed
When request {"texto":  RIH-166} .......................................... passed
And method Post ........................................................... passed
Then status 200 ........................................................... passed
* url apiUrl .............................................................. passed
* path 'parqueo/consultaPlaca' ............................................ passed
When request {"texto":  A1A-602} .......................................... passed
And method Post ........................................................... passed
Then status 200 ........................................................... passed
* url apiUrl .............................................................. passed
* path 'parqueo/consultaPlaca' ............................................ passed
When request {"texto":  F5M-607} .......................................... passed
And method Post ........................................................... passed
Then status 200 ........................................................... passed
* url apiUrl .............................................................. passed
* path 'parqueo/consultaPlaca' ............................................ passed
When request {"texto":  AMP-125} .......................................... passed
And method Post ........................................................... passed
Then status 200 ........................................................... passed
* url apiUrl .............................................................. passed
* path 'parqueo/consultaPlaca' ............................................ passed
When request {"texto":  AZF-044} .......................................... passed
And method Post ........................................................... passed
Then status 200 ........................................................... passed
* url apiUrl .............................................................. passed
* path 'parqueo/consultaPlaca' ............................................ passed
When request {"texto":  F2A-199} .......................................... passed
And method Post ........................................................... passed
Then status 200 ........................................................... passed
* url apiUrl .............................................................. passed
* path 'parqueo/consultaPlaca' ............................................ passed
When request {"texto":  T1V-416} .......................................... passed
And method Post ........................................................... passed
Then status 200 ........................................................... passed
* url apiUrl .............................................................. passed
* path 'parqueo/consultaPlaca' ............................................ passed
When request {"texto":  WF0-293} .......................................... passed
And method Post ........................................................... passed
Then status 200 ........................................................... passed
* url apiUrl .............................................................. passed
* path 'parqueo/consultaPlaca' ............................................ passed
When request {"texto":  f95-232} .......................................... passed
And method Post ........................................................... passed
Then status 200 ........................................................... passed</system-out>
   </testcase>
   <testcase classname="parkingApp.feature.plaqueoVehicular"
             name="consultar plaqueos desde csv"
             time="0.029022">
      <system-out>* url apiUrl .............................................................. passed
* path 'parqueo/consultaPlaca' ............................................ passed
When request {"texto":"ABC-123"} .......................................... passed
And method Post ........................................................... passed
Then status 200 ........................................................... passed
* url apiUrl .............................................................. passed
* path 'parqueo/consultaPlaca' ............................................ passed
When request {"texto":  PRUEBA} ........................................... passed
And method Post ........................................................... passed
Then status 200 ........................................................... passed
* url apiUrl .............................................................. passed
* path 'parqueo/consultaPlaca' ............................................ passed
When request {"texto":  Ffv-ghk} .......................................... passed
And method Post ........................................................... passed
Then status 200 ........................................................... passed
* url apiUrl .............................................................. passed
* path 'parqueo/consultaPlaca' ............................................ passed
When request {"texto":  Abc-457} .......................................... passed
And method Post ........................................................... passed
Then status 200 ........................................................... passed
* url apiUrl .............................................................. passed
* path 'parqueo/consultaPlaca' ............................................ passed
When request {"texto":  F5G-482} .......................................... passed
And method Post ........................................................... passed
Then status 200 ........................................................... passed
* url apiUrl .............................................................. passed
* path 'parqueo/consultaPlaca' ............................................ passed
When request {"texto":  AWX-560} .......................................... passed
And method Post ........................................................... passed
Then status 200 ........................................................... passed
* url apiUrl .............................................................. passed
* path 'parqueo/consultaPlaca' ............................................ passed
When request {"texto":  AJN-123} .......................................... passed
And method Post ........................................................... passed
Then status 200 ........................................................... passed
* url apiUrl .............................................................. passed
* path 'parqueo/consultaPlaca' ............................................ passed
When request {"texto":  RIH-166} .......................................... passed
And method Post ........................................................... passed
Then status 200 ........................................................... passed
* url apiUrl .............................................................. passed
* path 'parqueo/consultaPlaca' ............................................ passed
When request {"texto":  A1A-602} .......................................... passed
And method Post ........................................................... passed
Then status 200 ........................................................... passed
* url apiUrl .............................................................. passed
* path 'parqueo/consultaPlaca' ............................................ passed
When request {"texto":  F5M-607} .......................................... passed
And method Post ........................................................... passed
Then status 200 ........................................................... passed
* url apiUrl .............................................................. passed
* path 'parqueo/consultaPlaca' ............................................ passed
When request {"texto":  AMP-125} .......................................... passed
And method Post ........................................................... passed
Then status 200 ........................................................... passed
* url apiUrl .............................................................. passed
* path 'parqueo/consultaPlaca' ............................................ passed
When request {"texto":  AZF-044} .......................................... passed
And method Post ........................................................... passed
Then status 200 ........................................................... passed
* url apiUrl .............................................................. passed
* path 'parqueo/consultaPlaca' ............................................ passed
When request {"texto":  F2A-199} .......................................... passed
And method Post ........................................................... passed
Then status 200 ........................................................... passed
* url apiUrl .............................................................. passed
* path 'parqueo/consultaPlaca' ............................................ passed
When request {"texto":  T1V-416} .......................................... passed
And method Post ........................................................... passed
Then status 200 ........................................................... passed
* url apiUrl .............................................................. passed
* path 'parqueo/consultaPlaca' ............................................ passed
When request {"texto":  WF0-293} .......................................... passed
And method Post ........................................................... passed
Then status 200 ........................................................... passed
* url apiUrl .............................................................. passed
* path 'parqueo/consultaPlaca' ............................................ passed
When request {"texto":  f95-232} .......................................... passed
And method Post ........................................................... passed
Then status 200 ........................................................... passed
* url apiUrl .............................................................. passed
* path 'parqueo/consultaPlaca' ............................................ passed
When request {"texto":  WJ5-032} .......................................... passed
And method Post ........................................................... passed
Then status 200 ........................................................... passed</system-out>
   </testcase>
   <testcase classname="parkingApp.feature.plaqueoVehicular"
             name="consultar plaqueos desde csv"
             time="0.016002">
      <system-out>* url apiUrl .............................................................. passed
* path 'parqueo/consultaPlaca' ............................................ passed
When request {"texto":"ABC-123"} .......................................... passed
And method Post ........................................................... passed
Then status 200 ........................................................... passed
* url apiUrl .............................................................. passed
* path 'parqueo/consultaPlaca' ............................................ passed
When request {"texto":  PRUEBA} ........................................... passed
And method Post ........................................................... passed
Then status 200 ........................................................... passed
* url apiUrl .............................................................. passed
* path 'parqueo/consultaPlaca' ............................................ passed
When request {"texto":  Ffv-ghk} .......................................... passed
And method Post ........................................................... passed
Then status 200 ........................................................... passed
* url apiUrl .............................................................. passed
* path 'parqueo/consultaPlaca' ............................................ passed
When request {"texto":  Abc-457} .......................................... passed
And method Post ........................................................... passed
Then status 200 ........................................................... passed
* url apiUrl .............................................................. passed
* path 'parqueo/consultaPlaca' ............................................ passed
When request {"texto":  F5G-482} .......................................... passed
And method Post ........................................................... passed
Then status 200 ........................................................... passed
* url apiUrl .............................................................. passed
* path 'parqueo/consultaPlaca' ............................................ passed
When request {"texto":  AWX-560} .......................................... passed
And method Post ........................................................... passed
Then status 200 ........................................................... passed
* url apiUrl .............................................................. passed
* path 'parqueo/consultaPlaca' ............................................ passed
When request {"texto":  AJN-123} .......................................... passed
And method Post ........................................................... passed
Then status 200 ........................................................... passed
* url apiUrl .............................................................. passed
* path 'parqueo/consultaPlaca' ............................................ passed
When request {"texto":  RIH-166} .......................................... passed
And method Post ........................................................... passed
Then status 200 ........................................................... passed
* url apiUrl .............................................................. passed
* path 'parqueo/consultaPlaca' ............................................ passed
When request {"texto":  A1A-602} .......................................... passed
And method Post ........................................................... passed
Then status 200 ........................................................... passed
* url apiUrl .............................................................. passed
* path 'parqueo/consultaPlaca' ............................................ passed
When request {"texto":  F5M-607} .......................................... passed
And method Post ........................................................... passed
Then status 200 ........................................................... passed
* url apiUrl .............................................................. passed
* path 'parqueo/consultaPlaca' ............................................ passed
When request {"texto":  AMP-125} .......................................... passed
And method Post ........................................................... passed
Then status 200 ........................................................... passed
* url apiUrl .............................................................. passed
* path 'parqueo/consultaPlaca' ............................................ passed
When request {"texto":  AZF-044} .......................................... passed
And method Post ........................................................... passed
Then status 200 ........................................................... passed
* url apiUrl .............................................................. passed
* path 'parqueo/consultaPlaca' ............................................ passed
When request {"texto":  F2A-199} .......................................... passed
And method Post ........................................................... passed
Then status 200 ........................................................... passed
* url apiUrl .............................................................. passed
* path 'parqueo/consultaPlaca' ............................................ passed
When request {"texto":  T1V-416} .......................................... passed
And method Post ........................................................... passed
Then status 200 ........................................................... passed
* url apiUrl .............................................................. passed
* path 'parqueo/consultaPlaca' ............................................ passed
When request {"texto":  WF0-293} .......................................... passed
And method Post ........................................................... passed
Then status 200 ........................................................... passed
* url apiUrl .............................................................. passed
* path 'parqueo/consultaPlaca' ............................................ passed
When request {"texto":  f95-232} .......................................... passed
And method Post ........................................................... passed
Then status 200 ........................................................... passed
* url apiUrl .............................................................. passed
* path 'parqueo/consultaPlaca' ............................................ passed
When request {"texto":  WJ5-032} .......................................... passed
And method Post ........................................................... passed
Then status 200 ........................................................... passed
* url apiUrl .............................................................. passed
* path 'parqueo/consultaPlaca' ............................................ passed
When request {"texto":  000-FFF} .......................................... passed
And method Post ........................................................... passed
Then status 200 ........................................................... passed</system-out>
   </testcase>
   <testcase classname="parkingApp.feature.plaqueoVehicular"
             name="consultar plaqueos desde csv"
             time="0.01401">
      <system-out>* url apiUrl .............................................................. passed
* path 'parqueo/consultaPlaca' ............................................ passed
When request {"texto":"ABC-123"} .......................................... passed
And method Post ........................................................... passed
Then status 200 ........................................................... passed
* url apiUrl .............................................................. passed
* path 'parqueo/consultaPlaca' ............................................ passed
When request {"texto":  PRUEBA} ........................................... passed
And method Post ........................................................... passed
Then status 200 ........................................................... passed
* url apiUrl .............................................................. passed
* path 'parqueo/consultaPlaca' ............................................ passed
When request {"texto":  Ffv-ghk} .......................................... passed
And method Post ........................................................... passed
Then status 200 ........................................................... passed
* url apiUrl .............................................................. passed
* path 'parqueo/consultaPlaca' ............................................ passed
When request {"texto":  Abc-457} .......................................... passed
And method Post ........................................................... passed
Then status 200 ........................................................... passed
* url apiUrl .............................................................. passed
* path 'parqueo/consultaPlaca' ............................................ passed
When request {"texto":  F5G-482} .......................................... passed
And method Post ........................................................... passed
Then status 200 ........................................................... passed
* url apiUrl .............................................................. passed
* path 'parqueo/consultaPlaca' ............................................ passed
When request {"texto":  AWX-560} .......................................... passed
And method Post ........................................................... passed
Then status 200 ........................................................... passed
* url apiUrl .............................................................. passed
* path 'parqueo/consultaPlaca' ............................................ passed
When request {"texto":  AJN-123} .......................................... passed
And method Post ........................................................... passed
Then status 200 ........................................................... passed
* url apiUrl .............................................................. passed
* path 'parqueo/consultaPlaca' ............................................ passed
When request {"texto":  RIH-166} .......................................... passed
And method Post ........................................................... passed
Then status 200 ........................................................... passed
* url apiUrl .............................................................. passed
* path 'parqueo/consultaPlaca' ............................................ passed
When request {"texto":  A1A-602} .......................................... passed
And method Post ........................................................... passed
Then status 200 ........................................................... passed
* url apiUrl .............................................................. passed
* path 'parqueo/consultaPlaca' ............................................ passed
When request {"texto":  F5M-607} .......................................... passed
And method Post ........................................................... passed
Then status 200 ........................................................... passed
* url apiUrl .............................................................. passed
* path 'parqueo/consultaPlaca' ............................................ passed
When request {"texto":  AMP-125} .......................................... passed
And method Post ........................................................... passed
Then status 200 ........................................................... passed
* url apiUrl .............................................................. passed
* path 'parqueo/consultaPlaca' ............................................ passed
When request {"texto":  AZF-044} .......................................... passed
And method Post ........................................................... passed
Then status 200 ........................................................... passed
* url apiUrl .............................................................. passed
* path 'parqueo/consultaPlaca' ............................................ passed
When request {"texto":  F2A-199} .......................................... passed
And method Post ........................................................... passed
[...]
When request {"texto":  090-29F} .......................................... passed
And method Post ........................................................... passed
Then status 200 ........................................................... passed
* url apiUrl .............................................................. passed
* path 'parqueo/consultaPlaca' ............................................ passed
When request {"texto":  WWW-092} .......................................... passed
And method Post ........................................................... passed
Then status 200 ........................................................... passed
* url apiUrl .............................................................. passed
* path 'parqueo/consultaPlaca' ............................................ passed
When request {"texto":  007-KGB} .......................................... passed
And method Post ........................................................... passed
Then status 200 ........................................................... passed
* url apiUrl .............................................................. passed
* path 'parqueo/consultaPlaca' ............................................ passed
When request {"texto":  XXX-123} .......................................... passed
And method Post ........................................................... passed
Then status 200 ........................................................... passed
* url apiUrl .............................................................. passed
* path 'parqueo/consultaPlaca' ............................................ passed
When request {"texto":  XYZ-123} .......................................... passed
And method Post ........................................................... passed
Then status 200 ........................................................... passed
* url apiUrl .............................................................. passed
* path 'parqueo/consultaPlaca' ............................................ passed
When request {"texto":  ABC-123} .......................................... passed
And method Post ........................................................... passed
Then status 200 ........................................................... passed
* url apiUrl .............................................................. passed
* path 'parqueo/consultaPlaca' ............................................ passed
When request {"texto":  F5G-483} .......................................... passed
And method Post ........................................................... passed
Then status 200 ........................................................... passed
* url apiUrl .............................................................. passed
* path 'parqueo/consultaPlaca' ............................................ passed
When request {"texto":  F5G-489} .......................................... passed
And method Post ........................................................... passed
Then status 200 ........................................................... passed
* url apiUrl .............................................................. passed
* path 'parqueo/consultaPlaca' ............................................ passed
When request {"texto":  090-CVF} .......................................... passed
And method Post ........................................................... passed
Then status 200 ........................................................... passed
* url apiUrl .............................................................. passed
* path 'parqueo/consultaPlaca' ............................................ passed
When request {"texto":  ARW-173} .......................................... passed
And method Post ........................................................... passed
Then status 200 ........................................................... passed
* url apiUrl .............................................................. passed
* path 'parqueo/consultaPlaca' ............................................ passed
When request {"texto":  AZH-404} .......................................... passed
And method Post ........................................................... passed
Then status 200 ........................................................... passed
* url apiUrl .............................................................. passed
* path 'parqueo/consultaPlaca' ............................................ passed
When request {"texto":  A4M-352} .......................................... passed
And method Post ........................................................... passed
Then status 200 ........................................................... passed</system-out>
   </testcase>
   <testcase classname="parkingApp.feature.plaqueoVehicular"
             name="consultar plaqueos desde csv"
             time="0.009725">
      <system-out>* url apiUrl .............................................................. passed
* path 'parqueo/consultaPlaca' ............................................ passed
When request {"texto":"ABC-123"} .......................................... passed
And method Post ........................................................... passed
Then status 200 ........................................................... passed
* url apiUrl .............................................................. passed
* path 'parqueo/consultaPlaca' ............................................ passed
When request {"texto":  PRUEBA} ........................................... passed
And method Post ........................................................... passed
Then status 200 ........................................................... passed
* url apiUrl .............................................................. passed
* path 'parqueo/consultaPlaca' ............................................ passed
When request {"texto":  Ffv-ghk} .......................................... passed
And method Post ........................................................... passed
Then status 200 ........................................................... passed
* url apiUrl .............................................................. passed
* path 'parqueo/consultaPlaca' ............................................ passed
When request {"texto":  Abc-457} .......................................... passed
And method Post ........................................................... passed
Then status 200 ........................................................... passed
* url apiUrl .............................................................. passed
* path 'parqueo/consultaPlaca' ............................................ passed
When request {"texto":  F5G-482} .......................................... passed
And method Post ........................................................... passed
Then status 200 ........................................................... passed
* url apiUrl .............................................................. passed
* path 'parqueo/consultaPlaca' ............................................ passed
When request {"texto":  AWX-560} .......................................... passed
And method Post ........................................................... passed
Then status 200 ........................................................... passed
* url apiUrl .............................................................. passed
* path 'parqueo/consultaPlaca' ............................................ passed
When request {"texto":  AJN-123} .......................................... passed
And method Post ........................................................... passed
Then status 200 ........................................................... passed
* url apiUrl .............................................................. passed
* path 'parqueo/consultaPlaca' ............................................ passed
When request {"texto":  RIH-166} .......................................... passed
And method Post ........................................................... passed
Then status 200 ........................................................... passed
* url apiUrl .............................................................. passed
* path 'parqueo/consultaPlaca' ............................................ passed
When request {"texto":  A1A-602} .......................................... passed
And method Post ........................................................... passed
Then status 200 ........................................................... passed
* url apiUrl .............................................................. passed
* path 'parqueo/consultaPlaca' ............................................ passed
When request {"texto":  F5M-607} .......................................... passed
And method Post ........................................................... passed
Then status 200 ........................................................... passed
* url apiUrl .............................................................. passed
* path 'parqueo/consultaPlaca' ............................................ passed
When request {"texto":  AMP-125} .......................................... passed
And method Post ........................................................... passed
Then status 200 ........................................................... passed
* url apiUrl .............................................................. passed
* path 'parqueo/consultaPlaca' ............................................ passed
When request {"texto":  AZF-044} .......................................... passed
And method Post ........................................................... passed
Then status 200 ........................................................... passed
* url apiUrl .............................................................. passed
* path 'parqueo/consultaPlaca' ............................................ passed
When request {"texto":  F2A-199} .......................................... passed
And method Post ........................................................... passed
Then status 200 ........................................................... passed
* url apiUrl .............................................................. passed
* path 'parqueo/consultaPlaca' ............................................ passed
When request {"texto":  T1V-416} .......................................... passed
And method Post ........................................................... passed
Then status 200 ........................................................... passed
* url apiUrl .............................................................. passed
* path 'parqueo/consultaPlaca' ............................................ passed
When request {"texto":  WF0-293} .......................................... passed
And method Post ........................................................... passed
Then status 200 ........................................................... passed
* url apiUrl .............................................................. passed
* path 'parqueo/consultaPlaca' ............................................ passed
When request {"texto":  f95-232} .......................................... passed
And method Post ........................................................... passed
Then status 200 ........................................................... passed
* url apiUrl .............................................................. passed
* path 'parqueo/consultaPlaca' ............................................ passed
When request {"texto":  WJ5-032} .......................................... passed
And method Post ........................................................... passed
Then status 200 ........................................................... passed
* url apiUrl .............................................................. passed
* path 'parqueo/consultaPlaca' ............................................ passed
When request {"texto":  000-FFF} .......................................... passed
And method Post ........................................................... passed
Then status 200 ........................................................... passed
* url apiUrl .............................................................. passed
* path 'parqueo/consultaPlaca' ............................................ passed
When request {"texto":  P02-239} .......................................... passed
And method Post ........................................................... passed
Then status 200 ........................................................... passed
* url apiUrl .............................................................. passed
* path 'parqueo/consultaPlaca' ............................................ passed
When request {"texto":  6KF-943} .......................................... passed
And method Post ........................................................... passed
Then status 200 ........................................................... passed
* url apiUrl .............................................................. passed
* path 'parqueo/consultaPlaca' ............................................ passed
When request {"texto":  eor-203} .......................................... passed
And method Post ........................................................... passed
Then status 200 ........................................................... passed
* url apiUrl .............................................................. passed
* path 'parqueo/consultaPlaca' ............................................ passed
When request {"texto":  V49-029} .......................................... passed
And method Post ........................................................... passed
Then status 200 ........................................................... passed
* url apiUrl .............................................................. passed
* path 'parqueo/consultaPlaca' ............................................ passed
When request {"texto":  034-FJG} .......................................... passed
And method Post ........................................................... passed
Then status 200 ........................................................... passed
* url apiUrl .............................................................. passed
* path 'parqueo/consultaPlaca' ............................................ passed
When request {"texto":  090-29F} .......................................... passed
And method Post ........................................................... passed
Then status 200 ........................................................... passed
* url apiUrl .............................................................. passed
* path 'parqueo/consultaPlaca' ............................................ passed
When request {"texto":  WWW-092} .......................................... passed
And method Post ........................................................... passed
Then status 200 ........................................................... passed
* url apiUrl .............................................................. passed
* path 'parqueo/consultaPlaca' ............................................ passed
When request {"texto":  007-KGB} .......................................... passed
And method Post ........................................................... passed
Then status 200 ........................................................... passed
* url apiUrl .............................................................. passed
* path 'parqueo/consultaPlaca' ............................................ passed
When request {"texto":  XXX-123} .......................................... passed
And method Post ........................................................... passed
Then status 200 ........................................................... passed
* url apiUrl .............................................................. passed
* path 'parqueo/consultaPlaca' ............................................ passed
When request {"texto":  XYZ-123} .......................................... passed
And method Post ........................................................... passed
Then status 200 ........................................................... passed
* url apiUrl .............................................................. passed
* path 'parqueo/consultaPlaca' ............................................ passed
When request {"texto":  ABC-123} .......................................... passed
And method Post ........................................................... passed
Then status 200 ........................................................... passed
* url apiUrl .............................................................. passed
* path 'parqueo/consultaPlaca' ............................................ passed
When request {"texto":  F5G-483} .......................................... passed
And method Post ........................................................... passed
Then status 200 ........................................................... passed
* url apiUrl .............................................................. passed
* path 'parqueo/consultaPlaca' ............................................ passed
When request {"texto":  F5G-489} .......................................... passed
And method Post ........................................................... passed
Then status 200 ........................................................... passed
* url apiUrl .............................................................. passed
* path 'parqueo/consultaPlaca' ............................................ passed
When request {"texto":  090-CVF} .......................................... passed
And method Post ........................................................... passed
Then status 200 ........................................................... passed
* url apiUrl .............................................................. passed
* path 'parqueo/consultaPlaca' ............................................ passed
When request {"texto":  ARW-173} .......................................... passed
And method Post ........................................................... passed
Then status 200 ........................................................... passed
* url apiUrl .............................................................. passed
* path 'parqueo/consultaPlaca' ............................................ passed
When request {"texto":  AZH-404} .......................................... passed
And method Post ........................................................... passed
Then status 200 ........................................................... passed
* url apiUrl .............................................................. passed
* path 'parqueo/consultaPlaca' ............................................ passed
When request {"texto":  A4M-352} .......................................... passed
And method Post ........................................................... passed
Then status 200 ........................................................... passed
* url apiUrl .............................................................. passed
* path 'parqueo/consultaPlaca' ............................................ passed
When request {"texto":  F5G-481} .......................................... passed
And method Post ........................................................... passed
Then status 200 ........................................................... passed</system-out>
   </testcase>
</testsuite>
