<testsuite failures="0"
           name="src/test/java/parkingApp/feature/plaqueoVehicular.feature"
           skipped="0"
           tests="35"
           time="1.272875">
   <testcase classname="src.test.java.parkingApp.feature.plaqueoVehicular"
             name="consultar plaqueos desde csv"
             time="0.781851">
      <system-out>* url apiUrl .............................................................. passed
Given path 'parqueo/consultaPlaca' ........................................ passed
And request {"texto":  PRUEBA} ............................................ passed
When method Post .......................................................... passed
Then status 200 ........................................................... passed</system-out>
   </testcase>
   <testcase classname="src.test.java.parkingApp.feature.plaqueoVehicular"
             name="consultar plaqueos desde csv"
             time="0.008903">
      <system-out>* url apiUrl .............................................................. passed
Given path 'parqueo/consultaPlaca' ........................................ passed
And request {"texto":  PRUEBA} ............................................ passed
When method Post .......................................................... passed
Then status 200 ........................................................... passed
* url apiUrl .............................................................. passed
Given path 'parqueo/consultaPlaca' ........................................ passed
And request {"texto":  Ffv-ghk} ........................................... passed
When method Post .......................................................... passed
Then status 200 ........................................................... passed</system-out>
   </testcase>
   <testcase classname="src.test.java.parkingApp.feature.plaqueoVehicular"
             name="consultar plaqueos desde csv"
             time="0.010191">
      <system-out>* url apiUrl .............................................................. passed
Given path 'parqueo/consultaPlaca' ........................................ passed
And request {"texto":  PRUEBA} ............................................ passed
When method Post .......................................................... passed
Then status 200 ........................................................... passed
* url apiUrl .............................................................. passed
Given path 'parqueo/consultaPlaca' ........................................ passed
And request {"texto":  Ffv-ghk} ........................................... passed
When method Post .......................................................... passed
Then status 200 ........................................................... passed
* url apiUrl .............................................................. passed
Given path 'parqueo/consultaPlaca' ........................................ passed
And request {"texto":  Abc-457} ........................................... passed
When method Post .......................................................... passed
Then status 200 ........................................................... passed</system-out>
   </testcase>
   <testcase classname="src.test.java.parkingApp.feature.plaqueoVehicular"
             name="consultar plaqueos desde csv"
             time="0.022358">
      <system-out>* url apiUrl .............................................................. passed
Given path 'parqueo/consultaPlaca' ........................................ passed
And request {"texto":  PRUEBA} ............................................ passed
When method Post .......................................................... passed
Then status 200 ........................................................... passed
* url apiUrl .............................................................. passed
Given path 'parqueo/consultaPlaca' ........................................ passed
And request {"texto":  Ffv-ghk} ........................................... passed
When method Post .......................................................... passed
Then status 200 ........................................................... passed
* url apiUrl .............................................................. passed
Given path 'parqueo/consultaPlaca' ........................................ passed
And request {"texto":  Abc-457} ........................................... passed
When method Post .......................................................... passed
Then status 200 ........................................................... passed
* url apiUrl .............................................................. passed
Given path 'parqueo/consultaPlaca' ........................................ passed
And request {"texto":  F5G-482} ........................................... passed
When method Post .......................................................... passed
Then status 200 ........................................................... passed</system-out>
   </testcase>
   <testcase classname="src.test.java.parkingApp.feature.plaqueoVehicular"
             name="consultar plaqueos desde csv"
             time="0.00837">
      <system-out>* url apiUrl .............................................................. passed
Given path 'parqueo/consultaPlaca' ........................................ passed
And request {"texto":  PRUEBA} ............................................ passed
When method Post .......................................................... passed
Then status 200 ........................................................... passed
* url apiUrl .............................................................. passed
Given path 'parqueo/consultaPlaca' ........................................ passed
And request {"texto":  Ffv-ghk} ........................................... passed
When method Post .......................................................... passed
Then status 200 ........................................................... passed
* url apiUrl .............................................................. passed
Given path 'parqueo/consultaPlaca' ........................................ passed
And request {"texto":  Abc-457} ........................................... passed
When method Post .......................................................... passed
Then status 200 ........................................................... passed
* url apiUrl .............................................................. passed
Given path 'parqueo/consultaPlaca' ........................................ passed
And request {"texto":  F5G-482} ........................................... passed
When method Post .......................................................... passed
Then status 200 ........................................................... passed
* url apiUrl .............................................................. passed
Given path 'parqueo/consultaPlaca' ........................................ passed
And request {"texto":  AWX-560} ........................................... passed
When method Post .......................................................... passed
Then status 200 ........................................................... passed</system-out>
   </testcase>
   <testcase classname="src.test.java.parkingApp.feature.plaqueoVehicular"
             name="consultar plaqueos desde csv"
             time="0.009637">
      <system-out>* url apiUrl .............................................................. passed
Given path 'parqueo/consultaPlaca' ........................................ passed
And request {"texto":  PRUEBA} ............................................ passed
When method Post .......................................................... passed
Then status 200 ........................................................... passed
* url apiUrl .............................................................. passed
Given path 'parqueo/consultaPlaca' ........................................ passed
And request {"texto":  Ffv-ghk} ........................................... passed
When method Post .......................................................... passed
Then status 200 ........................................................... passed
* url apiUrl .............................................................. passed
Given path 'parqueo/consultaPlaca' ........................................ passed
And request {"texto":  Abc-457} ........................................... passed
When method Post .......................................................... passed
Then status 200 ........................................................... passed
* url apiUrl .............................................................. passed
Given path 'parqueo/consultaPlaca' ........................................ passed
And request {"texto":  F5G-482} ........................................... passed
When method Post .......................................................... passed
Then status 200 ........................................................... passed
* url apiUrl .............................................................. passed
Given path 'parqueo/consultaPlaca' ........................................ passed
And request {"texto":  AWX-560} ........................................... passed
When method Post .......................................................... passed
Then status 200 ........................................................... passed
* url apiUrl .............................................................. passed
Given path 'parqueo/consultaPlaca' ........................................ passed
And request {"texto":  AJN-123} ........................................... passed
When method Post .......................................................... passed
Then status 200 ........................................................... passed</system-out>
   </testcase>
   <testcase classname="src.test.java.parkingApp.feature.plaqueoVehicular"
             name="consultar plaqueos desde csv"
             time="0.008876">
      <system-out>* url apiUrl .............................................................. passed
Given path 'parqueo/consultaPlaca' ........................................ passed
And request {"texto":  PRUEBA} ............................................ passed
When method Post .......................................................... passed
Then status 200 ........................................................... passed
* url apiUrl .............................................................. passed
Given path 'parqueo/consultaPlaca' ........................................ passed
And request {"texto":  Ffv-ghk} ........................................... passed
When method Post .......................................................... passed
Then status 200 ........................................................... passed
* url apiUrl .............................................................. passed
Given path 'parqueo/consultaPlaca' ........................................ passed
And request {"texto":  Abc-457} ........................................... passed
When method Post .......................................................... passed
Then status 200 ........................................................... passed
* url apiUrl .............................................................. passed
Given path 'parqueo/consultaPlaca' ........................................ passed
And request {"texto":  F5G-482} ........................................... passed
When method Post .......................................................... passed
Then status 200 ........................................................... passed
* url apiUrl .............................................................. passed
Given path 'parqueo/consultaPlaca' ........................................ passed
And request {"texto":  AWX-560} ........................................... passed
When method Post .......................................................... passed
Then status 200 ........................................................... passed
* url apiUrl .............................................................. passed
Given path 'parqueo/consultaPlaca' ........................................ passed
And request {"texto":  AJN-123} ........................................... passed
When method Post .......................................................... passed
Then status 200 ........................................................... passed
* url apiUrl .............................................................. passed
Given path 'parqueo/consultaPlaca' ........................................ passed
And request {"texto":  RIH-166} ........................................... passed
When method Post .......................................................... passed
Then status 200 ........................................................... passed</system-out>
   </testcase>
   <testcase classname="src.test.java.parkingApp.feature.plaqueoVehicular"
             name="consultar plaqueos desde csv"
             time="0.008268">
      <system-out>* url apiUrl .............................................................. passed
Given path 'parqueo/consultaPlaca' ........................................ passed
And request {"texto":  PRUEBA} ............................................ passed
When method Post .......................................................... passed
Then status 200 ........................................................... passed
* url apiUrl .............................................................. passed
Given path 'parqueo/consultaPlaca' ........................................ passed
And request {"texto":  Ffv-ghk} ........................................... passed
When method Post .......................................................... passed
Then status 200 ........................................................... passed
* url apiUrl .............................................................. passed
Given path 'parqueo/consultaPlaca' ........................................ passed
And request {"texto":  Abc-457} ........................................... passed
When method Post .......................................................... passed
Then status 200 ........................................................... passed
* url apiUrl .............................................................. passed
Given path 'parqueo/consultaPlaca' ........................................ passed
And request {"texto":  F5G-482} ........................................... passed
When method Post .......................................................... passed
Then status 200 ........................................................... passed
* url apiUrl .............................................................. passed
Given path 'parqueo/consultaPlaca' ........................................ passed
And request {"texto":  AWX-560} ........................................... passed
When method Post .......................................................... passed
Then status 200 ........................................................... passed
* url apiUrl .............................................................. passed
Given path 'parqueo/consultaPlaca' ........................................ passed
And request {"texto":  AJN-123} ........................................... passed
When method Post .......................................................... passed
Then status 200 ........................................................... passed
* url apiUrl .............................................................. passed
Given path 'parqueo/consultaPlaca' ........................................ passed
And request {"texto":  RIH-166} ........................................... passed
When method Post .......................................................... passed
Then status 200 ........................................................... passed
* url apiUrl .............................................................. passed
Given path 'parqueo/consultaPlaca' ........................................ passed
And request {"texto":  A1A-602} ........................................... passed
When method Post .......................................................... passed
Then status 200 ........................................................... passed</system-out>
   </testcase>
   <testcase classname="src.test.java.parkingApp.feature.plaqueoVehicular"
             name="consultar plaqueos desde csv"
             time="0.009675">
      <system-out>* url apiUrl .............................................................. passed
Given path 'parqueo/consultaPlaca' ........................................ passed
And request {"texto":  PRUEBA} ............................................ passed
When method Post .......................................................... passed
Then status 200 ........................................................... passed
* url apiUrl .............................................................. passed
Given path 'parqueo/consultaPlaca' ........................................ passed
And request {"texto":  Ffv-ghk} ........................................... passed
When method Post .......................................................... passed
Then status 200 ........................................................... passed
* url apiUrl .............................................................. passed
Given path 'parqueo/consultaPlaca' ........................................ passed
And request {"texto":  Abc-457} ........................................... passed
When method Post .......................................................... passed
Then status 200 ........................................................... passed
* url apiUrl .............................................................. passed
Given path 'parqueo/consultaPlaca' ........................................ passed
And request {"texto":  F5G-482} ........................................... passed
When method Post .......................................................... passed
Then status 200 ........................................................... passed
* url apiUrl .............................................................. passed
Given path 'parqueo/consultaPlaca' ........................................ passed
And request {"texto":  AWX-560} ........................................... passed
When method Post .......................................................... passed
Then status 200 ........................................................... passed
* url apiUrl .............................................................. passed
Given path 'parqueo/consultaPlaca' ........................................ passed
And request {"texto":  AJN-123} ........................................... passed
When method Post .......................................................... passed
Then status 200 ........................................................... passed
* url apiUrl .............................................................. passed
Given path 'parqueo/consultaPlaca' ........................................ passed
And request {"texto":  RIH-166} ........................................... passed
When method Post .......................................................... passed
Then status 200 ........................................................... passed
* url apiUrl .............................................................. passed
Given path 'parqueo/consultaPlaca' ........................................ passed
And request {"texto":  A1A-602} ........................................... passed
When method Post .......................................................... passed
Then status 200 ........................................................... passed
* url apiUrl .............................................................. passed
Given path 'parqueo/consultaPlaca' ........................................ passed
And request {"texto":  F5M-607} ........................................... passed
When method Post .......................................................... passed
Then status 200 ........................................................... passed</system-out>
   </testcase>
   <testcase classname="src.test.java.parkingApp.feature.plaqueoVehicular"
             name="consultar plaqueos desde csv"
             time="0.008778">
      <system-out>* url apiUrl .............................................................. passed
Given path 'parqueo/consultaPlaca' ........................................ passed
And request {"texto":  PRUEBA} ............................................ passed
When method Post .......................................................... passed
Then status 200 ........................................................... passed
* url apiUrl .............................................................. passed
Given path 'parqueo/consultaPlaca' ........................................ passed
And request {"texto":  Ffv-ghk} ........................................... passed
When method Post .......................................................... passed
Then status 200 ........................................................... passed
* url apiUrl .............................................................. passed
Given path 'parqueo/consultaPlaca' ........................................ passed
And request {"texto":  Abc-457} ........................................... passed
When method Post .......................................................... passed
Then status 200 ........................................................... passed
* url apiUrl .............................................................. passed
Given path 'parqueo/consultaPlaca' ........................................ passed
And request {"texto":  F5G-482} ........................................... passed
When method Post .......................................................... passed
Then status 200 ........................................................... passed
* url apiUrl .............................................................. passed
Given path 'parqueo/consultaPlaca' ........................................ passed
And request {"texto":  AWX-560} ........................................... passed
When method Post .......................................................... passed
Then status 200 ........................................................... passed
* url apiUrl .............................................................. passed
Given path 'parqueo/consultaPlaca' ........................................ passed
And request {"texto":  AJN-123} ........................................... passed
When method Post .......................................................... passed
Then status 200 ........................................................... passed
* url apiUrl .............................................................. passed
Given path 'parqueo/consultaPlaca' ........................................ passed
And request {"texto":  RIH-166} ........................................... passed
When method Post .......................................................... passed
Then status 200 ........................................................... passed
* url apiUrl .............................................................. passed
Given path 'parqueo/consultaPlaca' ........................................ passed
And request {"texto":  A1A-602} ........................................... passed
When method Post .......................................................... passed
Then status 200 ........................................................... passed
* url apiUrl .............................................................. passed
Given path 'parqueo/consultaPlaca' ........................................ passed
And request {"texto":  F5M-607} ........................................... passed
When method Post .......................................................... passed
Then status 200 ........................................................... passed
* url apiUrl .............................................................. passed
Given path 'parqueo/consultaPlaca' ........................................ passed
And request {"texto":  AMP-125} ........................................... passed
When method Post .......................................................... passed
Then status 200 ........................................................... passed</system-out>
   </testcase>
   <testcase classname="src.test.java.parkingApp.feature.plaqueoVehicular"
             name="consultar plaqueos desde csv"
             time="0.02267">
      <system-out>* url apiUrl .............................................................. passed
Given path 'parqueo/consultaPlaca' ........................................ passed
And request {"texto":  PRUEBA} ............................................ passed
When method Post .......................................................... passed
Then status 200 ........................................................... passed
* url apiUrl .............................................................. passed
Given path 'parqueo/consultaPlaca' ........................................ passed
And request {"texto":  Ffv-ghk} ........................................... passed
When method Post .......................................................... passed
Then status 200 ........................................................... passed
* url apiUrl .............................................................. passed
Given path 'parqueo/consultaPlaca' ........................................ passed
And request {"texto":  Abc-457} ........................................... passed
When method Post .......................................................... passed
Then status 200 ........................................................... passed
* url apiUrl .............................................................. passed
Given path 'parqueo/consultaPlaca' ........................................ passed
And request {"texto":  F5G-482} ........................................... passed
When method Post .......................................................... passed
Then status 200 ........................................................... passed
* url apiUrl .............................................................. passed
Given path 'parqueo/consultaPlaca' ........................................ passed
And request {"texto":  AWX-560} ........................................... passed
When method Post .......................................................... passed
Then status 200 ........................................................... passed
* url apiUrl .............................................................. passed
Given path 'parqueo/consultaPlaca' ........................................ passed
And request {"texto":  AJN-123} ........................................... passed
When method Post .......................................................... passed
Then status 200 ........................................................... passed
* url apiUrl .............................................................. passed
Given path 'parqueo/consultaPlaca' ........................................ passed
And request {"texto":  RIH-166} ........................................... passed
When method Post .......................................................... passed
Then status 200 ........................................................... passed
* url apiUrl .............................................................. passed
Given path 'parqueo/consultaPlaca' ........................................ passed
And request {"texto":  A1A-602} ........................................... passed
When method Post .......................................................... passed
Then status 200 ........................................................... passed
* url apiUrl .............................................................. passed
Given path 'parqueo/consultaPlaca' ........................................ passed
And request {"texto":  F5M-607} ........................................... passed
When method Post .......................................................... passed
Then status 200 ........................................................... passed
* url apiUrl .............................................................. passed
Given path 'parqueo/consultaPlaca' ........................................ passed
And request {"texto":  AMP-125} ........................................... passed
When method Post .......................................................... passed
Then status 200 ........................................................... passed
* url apiUrl .............................................................. passed
Given path 'parqueo/consultaPlaca' ........................................ passed
And request {"texto":  AZF-044} ........................................... passed
When method Post .......................................................... passed
Then status 200 ........................................................... passed</system-out>
   </testcase>
   <testcase classname="src.test.java.parkingApp.feature.plaqueoVehicular"
             name="consultar plaqueos desde csv"
             time="0.009839">
      <system-out>* url apiUrl .............................................................. passed
Given path 'parqueo/consultaPlaca' ........................................ passed
And request {"texto":  PRUEBA} ............................................ passed
When method Post .......................................................... passed
Then status 200 ........................................................... passed
* url apiUrl .............................................................. passed
Given path 'parqueo/consultaPlaca' ........................................ passed
And request {"texto":  Ffv-ghk} ........................................... passed
When method Post .......................................................... passed
Then status 200 ........................................................... passed
* url apiUrl .............................................................. passed
Given path 'parqueo/consultaPlaca' ........................................ passed
And request {"texto":  Abc-457} ........................................... passed
When method Post .......................................................... passed
Then status 200 ........................................................... passed
* url apiUrl .............................................................. passed
Given path 'parqueo/consultaPlaca' ........................................ passed
And request {"texto":  F5G-482} ........................................... passed
When method Post .......................................................... passed
Then status 200 ........................................................... passed
* url apiUrl .............................................................. passed
Given path 'parqueo/consultaPlaca' ........................................ passed
And request {"texto":  AWX-560} ........................................... passed
When method Post .......................................................... passed
Then status 200 ........................................................... passed
* url apiUrl .............................................................. passed
Given path 'parqueo/consultaPlaca' ........................................ passed
And request {"texto":  AJN-123} ........................................... passed
When method Post .......................................................... passed
Then status 200 ........................................................... passed
* url apiUrl .............................................................. passed
Given path 'parqueo/consultaPlaca' ........................................ passed
And request {"texto":  RIH-166} ........................................... passed
When method Post .......................................................... passed
Then status 200 ........................................................... passed
* url apiUrl .............................................................. passed
Given path 'parqueo/consultaPlaca' ........................................ passed
And request {"texto":  A1A-602} ........................................... passed
When method Post .......................................................... passed
Then status 200 ........................................................... passed
* url apiUrl .............................................................. passed
Given path 'parqueo/consultaPlaca' ........................................ passed
And request {"texto":  F5M-607} ........................................... passed
When method Post .......................................................... passed
Then status 200 ........................................................... passed
* url apiUrl .............................................................. passed
Given path 'parqueo/consultaPlaca' ........................................ passed
And request {"texto":  AMP-125} ........................................... passed
When method Post .......................................................... passed
Then status 200 ........................................................... passed
* url apiUrl .............................................................. passed
Given path 'parqueo/consultaPlaca' ........................................ passed
And request {"texto":  AZF-044} ........................................... passed
When method Post .......................................................... passed
Then status 200 ........................................................... passed
* url apiUrl .............................................................. passed
Given path 'parqueo/consultaPlaca' ........................................ passed
And request {"texto":  F2A-199} ........................................... passed
When method Post .......................................................... passed
Then status 200 ........................................................... passed</system-out>
   </testcase>
   <testcase classname="src.test.java.parkingApp.feature.plaqueoVehicular"
             name="consultar plaqueos desde csv"
             time="0.011203">
      <system-out>* url apiUrl .............................................................. passed
Given path 'parqueo/consultaPlaca' ........................................ passed
And request {"texto":  PRUEBA} ............................................ passed
When method Post .......................................................... passed
Then status 200 ........................................................... passed
* url apiUrl .............................................................. passed
Given path 'parqueo/consultaPlaca' ........................................ passed
And request {"texto":  Ffv-ghk} ........................................... passed
When method Post .......................................................... passed
Then status 200 ........................................................... passed
* url apiUrl .............................................................. passed
Given path 'parqueo/consultaPlaca' ........................................ passed
And request {"texto":  Abc-457} ........................................... passed
When method Post .......................................................... passed
Then status 200 ........................................................... passed
* url apiUrl .............................................................. passed
Given path 'parqueo/consultaPlaca' ........................................ passed
And request {"texto":  F5G-482} ........................................... passed
When method Post .......................................................... passed
Then status 200 ........................................................... passed
* url apiUrl .............................................................. passed
Given path 'parqueo/consultaPlaca' ........................................ passed
And request {"texto":  AWX-560} ........................................... passed
When method Post .......................................................... passed
Then status 200 ........................................................... passed
* url apiUrl .............................................................. passed
Given path 'parqueo/consultaPlaca' ........................................ passed
And request {"texto":  AJN-123} ........................................... passed
When method Post .......................................................... passed
Then status 200 ........................................................... passed
* url apiUrl .............................................................. passed
Given path 'parqueo/consultaPlaca' ........................................ passed
And request {"texto":  RIH-166} ........................................... passed
When method Post .......................................................... passed
Then status 200 ........................................................... passed
* url apiUrl .............................................................. passed
Given path 'parqueo/consultaPlaca' ........................................ passed
And request {"texto":  A1A-602} ........................................... passed
When method Post .......................................................... passed
Then status 200 ........................................................... passed
* url apiUrl .............................................................. passed
Given path 'parqueo/consultaPlaca' ........................................ passed
And request {"texto":  F5M-607} ........................................... passed
When method Post .......................................................... passed
Then status 200 ........................................................... passed
* url apiUrl .............................................................. passed
Given path 'parqueo/consultaPlaca' ........................................ passed
And request {"texto":  AMP-125} ........................................... passed
When method Post .......................................................... passed
Then status 200 ........................................................... passed
* url apiUrl .............................................................. passed
Given path 'parqueo/consultaPlaca' ........................................ passed
And request {"texto":  AZF-044} ........................................... passed
When method Post .......................................................... passed
Then status 200 ........................................................... passed
* url apiUrl .............................................................. passed
Given path 'parqueo/consultaPlaca' ........................................ passed
And request {"texto":  F2A-199} ........................................... passed
When method Post .......................................................... passed
Then status 200 ........................................................... passed
* url apiUrl .............................................................. passed
Given path 'parqueo/consultaPlaca' ........................................ passed
And request {"texto":  T1V-416} ........................................... passed
When method Post .......................................................... passed
Then status 200 ........................................................... passed</system-out>
   </testcase>
   <testcase classname="src.test.java.parkingApp.feature.plaqueoVehicular"
             name="consultar plaqueos desde csv"
             time="0.011152">
      <system-out>* url apiUrl .............................................................. passed
Given path 'parqueo/consultaPlaca' ........................................ passed
And request {"texto":  PRUEBA} ............................................ passed
When method Post .......................................................... passed
Then status 200 ........................................................... passed
* url apiUrl .............................................................. passed
Given path 'parqueo/consultaPlaca' ........................................ passed
And request {"texto":  Ffv-ghk} ........................................... passed
When method Post .......................................................... passed
Then status 200 ........................................................... passed
* url apiUrl .............................................................. passed
Given path 'parqueo/consultaPlaca' ........................................ passed
And request {"texto":  Abc-457} ........................................... passed
When method Post .......................................................... passed
Then status 200 ........................................................... passed
* url apiUrl .............................................................. passed
Given path 'parqueo/consultaPlaca' ........................................ passed
And request {"texto":  F5G-482} ........................................... passed
When method Post .......................................................... passed
Then status 200 ........................................................... passed
* url apiUrl .............................................................. passed
Given path 'parqueo/consultaPlaca' ........................................ passed
And request {"texto":  AWX-560} ........................................... passed
When method Post .......................................................... passed
Then status 200 ........................................................... passed
* url apiUrl .............................................................. passed
Given path 'parqueo/consultaPlaca' ........................................ passed
And request {"texto":  AJN-123} ........................................... passed
When method Post .......................................................... passed
Then status 200 ........................................................... passed
* url apiUrl .............................................................. passed
Given path 'parqueo/consultaPlaca' ........................................ passed
And request {"texto":  RIH-166} ........................................... passed
When method Post .......................................................... passed
Then status 200 ........................................................... passed
* url apiUrl .............................................................. passed
Given path 'parqueo/consultaPlaca' ........................................ passed
And request {"texto":  A1A-602} ........................................... passed
When method Post .......................................................... passed
Then status 200 ........................................................... passed
* url apiUrl .............................................................. passed
Given path 'parqueo/consultaPlaca' ........................................ passed
And request {"texto":  F5M-607} ........................................... passed
When method Post .......................................................... passed
Then status 200 ........................................................... passed
* url apiUrl .............................................................. passed
Given path 'parqueo/consultaPlaca' ........................................ passed
And request {"texto":  AMP-125} ........................................... passed
When method Post .......................................................... passed
Then status 200 ........................................................... passed
* url apiUrl .............................................................. passed
Given path 'parqueo/consultaPlaca' ........................................ passed
And request {"texto":  AZF-044} ........................................... passed
When method Post .......................................................... passed
Then status 200 ........................................................... passed
* url apiUrl .............................................................. passed
Given path 'parqueo/consultaPlaca' ........................................ passed
And request {"texto":  F2A-199} ........................................... passed
When method Post .......................................................... passed
Then status 200 ........................................................... passed
* url apiUrl .............................................................. passed
Given path 'parqueo/consultaPlaca' ........................................ passed
And request {"texto":  T1V-416} ........................................... passed
When method Post .......................................................... passed
Then status 200 ........................................................... passed
* url apiUrl .............................................................. passed
Given path 'parqueo/consultaPlaca' ........................................ passed
And request {"texto":  WF0-293} ........................................... passed
When method Post .......................................................... passed
Then status 200 ........................................................... passed</system-out>
   </testcase>
   <testcase classname="src.test.java.parkingApp.feature.plaqueoVehicular"
             name="consultar plaqueos desde csv"
             time="0.046238">
      <system-out>* url apiUrl .............................................................. passed
Given path 'parqueo/consultaPlaca' ........................................ passed
And request {"texto":  PRUEBA} ............................................ passed
When method Post .......................................................... passed
Then status 200 ........................................................... passed
* url apiUrl .............................................................. passed
Given path 'parqueo/consultaPlaca' ........................................ passed
And request {"texto":  Ffv-ghk} ........................................... passed
When method Post .......................................................... passed
Then status 200 ........................................................... passed
* url apiUrl .............................................................. passed
Given path 'parqueo/consultaPlaca' ........................................ passed
And request {"texto":  Abc-457} ........................................... passed
When method Post .......................................................... passed
Then status 200 ........................................................... passed
* url apiUrl .............................................................. passed
Given path 'parqueo/consultaPlaca' ........................................ passed
And request {"texto":  F5G-482} ........................................... passed
When method Post .......................................................... passed
Then status 200 ........................................................... passed
* url apiUrl .............................................................. passed
Given path 'parqueo/consultaPlaca' ........................................ passed
And request {"texto":  AWX-560} ........................................... passed
When method Post .......................................................... passed
Then status 200 ........................................................... passed
* url apiUrl .............................................................. passed
Given path 'parqueo/consultaPlaca' ........................................ passed
And request {"texto":  AJN-123} ........................................... passed
When method Post .......................................................... passed
Then status 200 ........................................................... passed
* url apiUrl .............................................................. passed
Given path 'parqueo/consultaPlaca' ........................................ passed
And request {"texto":  RIH-166} ........................................... passed
When method Post .......................................................... passed
Then status 200 ........................................................... passed
* url apiUrl .............................................................. passed
Given path 'parqueo/consultaPlaca' ........................................ passed
And request {"texto":  A1A-602} ........................................... passed
When method Post .......................................................... passed
Then status 200 ........................................................... passed
* url apiUrl .............................................................. passed
Given path 'parqueo/consultaPlaca' ........................................ passed
And request {"texto":  F5M-607} ........................................... passed
When method Post .......................................................... passed
Then status 200 ........................................................... passed
* url apiUrl .............................................................. passed
Given path 'parqueo/consultaPlaca' ........................................ passed
And request {"texto":  AMP-125} ........................................... passed
When method Post .......................................................... passed
Then status 200 ........................................................... passed
* url apiUrl .............................................................. passed
Given path 'parqueo/consultaPlaca' ........................................ passed
And request {"texto":  AZF-044} ........................................... passed
When method Post .......................................................... passed
Then status 200 ........................................................... passed
* url apiUrl .............................................................. passed
Given path 'parqueo/consultaPlaca' ........................................ passed
And request {"texto":  F2A-199} ........................................... passed
When method Post .......................................................... passed
Then status 200 ........................................................... passed
* url apiUrl .............................................................. passed
Given path 'parqueo/consultaPlaca' ........................................ passed
And request {"texto":  T1V-416} ........................................... passed
When method Post .......................................................... passed
Then status 200 ........................................................... passed
* url apiUrl .............................................................. passed
Given path 'parqueo/consultaPlaca' ........................................ passed
And request {"texto":  WF0-293} ........................................... passed
When method Post .......................................................... passed
Then status 200 ........................................................... passed
* url apiUrl .............................................................. passed
Given path 'parqueo/consultaPlaca' ........................................ passed
And request {"texto":  f95-232} ........................................... passed
When method Post .......................................................... passed
Then status 200 ........................................................... passed</system-out>
   </testcase>
   <testcase classname="src.test.java.parkingApp.feature.plaqueoVehicular"
             name="consultar plaqueos desde csv"
             time="0.019094">
      <system-out>* url apiUrl .............................................................. passed
Given path 'parqueo/consultaPlaca' ........................................ passed
And request {"texto":  PRUEBA} ............................................ passed
When method Post .......................................................... passed
Then status 200 ........................................................... passed
* url apiUrl .............................................................. passed
Given path 'parqueo/consultaPlaca' ........................................ passed
And request {"texto":  Ffv-ghk} ........................................... passed
When method Post .......................................................... passed
Then status 200 ........................................................... passed
* url apiUrl .............................................................. passed
Given path 'parqueo/consultaPlaca' ........................................ passed
And request {"texto":  Abc-457} ........................................... passed
When method Post .......................................................... passed
Then status 200 ........................................................... passed
* url apiUrl .............................................................. passed
Given path 'parqueo/consultaPlaca' ........................................ passed
And request {"texto":  F5G-482} ........................................... passed
When method Post .......................................................... passed
Then status 200 ........................................................... passed
* url apiUrl .............................................................. passed
Given path 'parqueo/consultaPlaca' ........................................ passed
And request {"texto":  AWX-560} ........................................... passed
When method Post .......................................................... passed
Then status 200 ........................................................... passed
* url apiUrl .............................................................. passed
Given path 'parqueo/consultaPlaca' ........................................ passed
And request {"texto":  AJN-123} ........................................... passed
When method Post .......................................................... passed
Then status 200 ........................................................... passed
* url apiUrl .............................................................. passed
Given path 'parqueo/consultaPlaca' ........................................ passed
And request {"texto":  RIH-166} ........................................... passed
When method Post .......................................................... passed
Then status 200 ........................................................... passed
* url apiUrl .............................................................. passed
Given path 'parqueo/consultaPlaca' ........................................ passed
And request {"texto":  A1A-602} ........................................... passed
When method Post .......................................................... passed
Then status 200 ........................................................... passed
* url apiUrl .............................................................. passed
Given path 'parqueo/consultaPlaca' ........................................ passed
And request {"texto":  F5M-607} ........................................... passed
When method Post .......................................................... passed
Then status 200 ........................................................... passed
* url apiUrl .............................................................. passed
Given path 'parqueo/consultaPlaca' ........................................ passed
And request {"texto":  AMP-125} ........................................... passed
When method Post .......................................................... passed
Then status 200 ........................................................... passed
* url apiUrl .............................................................. passed
Given path 'parqueo/consultaPlaca' ........................................ passed
And request {"texto":  AZF-044} ........................................... passed
When method Post .......................................................... passed
Then status 200 ........................................................... passed
* url apiUrl .............................................................. passed
Given path 'parqueo/consultaPlaca' ........................................ passed
And request {"texto":  F2A-199} ........................................... passed
When method Post .......................................................... passed
Then status 200 ........................................................... passed
* url apiUrl .............................................................. passed
Given path 'parqueo/consultaPlaca' ........................................ passed
And request {"texto":  T1V-416} ........................................... passed
When method Post .......................................................... passed
Then status 200 ........................................................... passed
* url apiUrl .............................................................. passed
Given path 'parqueo/consultaPlaca' ........................................ passed
And request {"texto":  WF0-293} ........................................... passed
When method Post .......................................................... passed
Then status 200 ........................................................... passed
* url apiUrl .............................................................. passed
Given path 'parqueo/consultaPlaca' ........................................ passed
And request {"texto":  f95-232} ........................................... passed
When method Post .......................................................... passed
Then status 200 ........................................................... passed
* url apiUrl .............................................................. passed
Given path 'parqueo/consultaPlaca' ........................................ passed
And request {"texto":  WJ5-032} ........................................... passed
When method Post .......................................................... passed
Then status 200 ........................................................... passed</system-out>
   </testcase>
   <testcase classname="src.test.java.parkingApp.feature.plaqueoVehicular"
             name="consultar plaqueos desde csv"
             time="0.021733">
      <system-out>* url apiUrl .............................................................. passed
Given path 'parqueo/consultaPlaca' ........................................ passed
And request {"texto":  PRUEBA} ............................................ passed
When method Post .......................................................... passed
Then status 200 ........................................................... passed
* url apiUrl .............................................................. passed
Given path 'parqueo/consultaPlaca' ........................................ passed
And request {"texto":  Ffv-ghk} ........................................... passed
When method Post .......................................................... passed
Then status 200 ........................................................... passed
* url apiUrl .............................................................. passed
Given path 'parqueo/consultaPlaca' ........................................ passed
And request {"texto":  Abc-457} ........................................... passed
When method Post .......................................................... passed
Then status 200 ........................................................... passed
* url apiUrl .............................................................. passed
Given path 'parqueo/consultaPlaca' ........................................ passed
And request {"texto":  F5G-482} ........................................... passed
When method Post .......................................................... passed
Then status 200 ........................................................... passed
* url apiUrl .............................................................. passed
Given path 'parqueo/consultaPlaca' ........................................ passed
And request {"texto":  AWX-560} ........................................... passed
When method Post .......................................................... passed
Then status 200 ........................................................... passed
* url apiUrl .............................................................. passed
Given path 'parqueo/consultaPlaca' ........................................ passed
And request {"texto":  AJN-123} ........................................... passed
When method Post .......................................................... passed
Then status 200 ........................................................... passed
* url apiUrl .............................................................. passed
Given path 'parqueo/consultaPlaca' ........................................ passed
And request {"texto":  RIH-166} ........................................... passed
When method Post .......................................................... passed
Then status 200 ........................................................... passed
* url apiUrl .............................................................. passed
Given path 'parqueo/consultaPlaca' ........................................ passed
And request {"texto":  A1A-602} ........................................... passed
When method Post .......................................................... passed
Then status 200 ........................................................... passed
* url apiUrl .............................................................. passed
Given path 'parqueo/consultaPlaca' ........................................ passed
And request {"texto":  F5M-607} ........................................... passed
When method Post .......................................................... passed
Then status 200 ........................................................... passed
* url apiUrl .............................................................. passed
Given path 'parqueo/consultaPlaca' ........................................ passed
And request {"texto":  AMP-125} ........................................... passed
When method Post .......................................................... passed
Then status 200 ........................................................... passed
* url apiUrl .............................................................. passed
Given path 'parqueo/consultaPlaca' ........................................ passed
And request {"texto":  AZF-044} ........................................... passed
When method Post .......................................................... passed
Then status 200 ........................................................... passed
* url apiUrl .............................................................. passed
Given path 'parqueo/consultaPlaca' ........................................ passed
And request {"texto":  F2A-199} ........................................... passed
When method Post .......................................................... passed
Then status 200 ........................................................... passed
* url apiUrl .............................................................. passed
Given path 'parqueo/consultaPlaca' ........................................ passed
And request {"texto":  T1V-416} ........................................... passed
When method Post .......................................................... passed
Then status 200 ........................................................... passed
* url apiUrl .............................................................. passed
Given path 'parqueo/consultaPlaca' ........................................ passed
And request {"texto":  WF0-293} ........................................... passed
When method Post .......................................................... passed
Then status 200 ........................................................... passed
* url apiUrl .............................................................. passed
Given path 'parqueo/consultaPlaca' ........................................ passed
And request {"texto":  f95-232} ........................................... passed
When method Post .......................................................... passed
Then status 200 ........................................................... passed
* url apiUrl .............................................................. passed
Given path 'parqueo/consultaPlaca' ........................................ passed
And request {"texto":  WJ5-032} ........................................... passed
When method Post .......................................................... passed
Then status 200 ........................................................... passed
* url apiUrl .............................................................. passed
Given path 'parqueo/consultaPlaca' ........................................ passed
And request {"texto":  000-FFF} ........................................... passed
When method Post .......................................................... passed
Then status 200 ........................................................... passed</system-out>
   </testcase>
   <testcase classname="src.test.java.parkingApp.feature.plaqueoVehicular"
             name="consultar plaqueos desde csv"
             time="0.013064">
      <system-out>* url apiUrl .............................................................. passed
Given path 'parqueo/consultaPlaca' ........................................ passed
And request {"texto":  PRUEBA} ............................................ passed
When method Post .......................................................... passed
Then status 200 ........................................................... passed
* url apiUrl .............................................................. passed
Given path 'parqueo/consultaPlaca' ........................................ passed
And request {"texto":  Ffv-ghk} ........................................... passed
When method Post .......................................................... passed
Then status 200 ........................................................... passed
* url apiUrl .............................................................. passed
Given path 'parqueo/consultaPlaca' ........................................ passed
And request {"texto":  Abc-457} ........................................... passed
When method Post .......................................................... passed
Then status 200 ........................................................... passed
* url apiUrl .............................................................. passed
Given path 'parqueo/consultaPlaca' ........................................ passed
And request {"texto":  F5G-482} ........................................... passed
When method Post .......................................................... passed
Then status 200 ........................................................... passed
* url apiUrl .............................................................. passed
Given path 'parqueo/consultaPlaca' ........................................ passed
And request {"texto":  AWX-560} ........................................... passed
When method Post .......................................................... passed
Then status 200 ........................................................... passed
* url apiUrl .............................................................. passed
Given path 'parqueo/consultaPlaca' ........................................ passed
And request {"texto":  AJN-123} ........................................... passed
When method Post .......................................................... passed
Then status 200 ........................................................... passed
* url apiUrl .............................................................. passed
Given path 'parqueo/consultaPlaca' ........................................ passed
And request {"texto":  RIH-166} ........................................... passed
When method Post .......................................................... passed
Then status 200 ........................................................... passed
* url apiUrl .............................................................. passed
Given path 'parqueo/consultaPlaca' ........................................ passed
And request {"texto":  A1A-602} ........................................... passed
When method Post .......................................................... passed
Then status 200 ........................................................... passed
* url apiUrl .............................................................. passed
Given path 'parqueo/consultaPlaca' ........................................ passed
And request {"texto":  F5M-607} ........................................... passed
When method Post .......................................................... passed
Then status 200 ........................................................... passed
* url apiUrl .............................................................. passed
Given path 'parqueo/consultaPlaca' ........................................ passed
And request {"texto":  AMP-125} ........................................... passed
When method Post .......................................................... passed
Then status 200 ........................................................... passed
* url apiUrl .............................................................. passed
Given path 'parqueo/consultaPlaca' ........................................ passed
And request {"texto":  AZF-044} ........................................... passed
When method Post .......................................................... passed
Then status 200 ........................................................... passed
* url apiUrl .............................................................. passed
Given path 'parqueo/consultaPlaca' ........................................ passed
And request {"texto":  F2A-199} ........................................... passed
When method Post .......................................................... passed
Then status 200 ........................................................... passed
* url apiUrl .............................................................. passed
Given path 'parqueo/consultaPlaca' ........................................ passed
And request {"texto":  T1V-416} ........................................... passed
When method Post .......................................................... passed
Then status 200 ........................................................... passed
* url apiUrl .............................................................. passed
Given path 'parqueo/consultaPlaca' ........................................ passed
And request {"texto":  WF0-293} ........................................... passed
When method Post .......................................................... passed
Then status 200 ........................................................... passed
* url apiUrl .............................................................. passed
Given path 'parqueo/consultaPlaca' ........................................ passed
And request {"texto":  f95-232} ........................................... passed
When method Post .......................................................... passed
Then status 200 ........................................................... passed
* url apiUrl .............................................................. passed
Given path 'parqueo/consultaPlaca' ........................................ passed
And request {"texto":  WJ5-032} ........................................... passed
When method Post .......................................................... passed
Then status 200 ........................................................... passed
* url apiUrl .............................................................. passed
Given path 'parqueo/consultaPlaca' ........................................ passed
And request {"texto":  000-FFF} ........................................... passed
When method Post .......................................................... passed
Then status 200 ........................................................... passed
* url apiUrl .............................................................. passed
Given path 'parqueo/consultaPlaca' ........................................ passed
And request {"texto":  P02-239} ........................................... passed
When method Post .......................................................... passed
Then status 200 ........................................................... passed</system-out>
   </testcase>
   <testcase classname="src.test.java.parkingApp.feature.plaqueoVehicular"
             name="consultar plaqueos desde csv"
             time="0.018455">
      <system-out>* url apiUrl .............................................................. passed
Given path 'parqueo/consultaPlaca' ........................................ passed
And request {"texto":  PRUEBA} ............................................ passed
When method Post .......................................................... passed
Then status 200 ........................................................... passed
* url apiUrl .............................................................. passed
Given path 'parqueo/consultaPlaca' ........................................ passed
And request {"texto":  Ffv-ghk} ........................................... passed
When method Post .......................................................... passed
Then status 200 ........................................................... passed
* url apiUrl .............................................................. passed
Given path 'parqueo/consultaPlaca' ........................................ passed
And request {"texto":  Abc-457} ........................................... passed
When method Post .......................................................... passed
Then status 200 ........................................................... passed
* url apiUrl .............................................................. passed
Given path 'parqueo/consultaPlaca' ........................................ passed
And request {"texto":  F5G-482} ........................................... passed
When method Post .......................................................... passed
Then status 200 ........................................................... passed
* url apiUrl .............................................................. passed
Given path 'parqueo/consultaPlaca' ........................................ passed
And request {"texto":  AWX-560} ........................................... passed
When method Post .......................................................... passed
Then status 200 ........................................................... passed
* url apiUrl .............................................................. passed
Given path 'parqueo/consultaPlaca' ........................................ passed
And request {"texto":  AJN-123} ........................................... passed
When method Post .......................................................... passed
Then status 200 ........................................................... passed
* url apiUrl .............................................................. passed
Given path 'parqueo/consultaPlaca' ........................................ passed
And request {"texto":  RIH-166} ........................................... passed
When method Post .......................................................... passed
Then status 200 ........................................................... passed
* url apiUrl .............................................................. passed
Given path 'parqueo/consultaPlaca' ........................................ passed
And request {"texto":  A1A-602} ........................................... passed
When method Post .......................................................... passed
Then status 200 ........................................................... passed
* url apiUrl .............................................................. passed
Given path 'parqueo/consultaPlaca' ........................................ passed
And request {"texto":  F5M-607} ........................................... passed
When method Post .......................................................... passed
Then status 200 ........................................................... passed
* url apiUrl .............................................................. passed
Given path 'parqueo/consultaPlaca' ........................................ passed
And request {"texto":  AMP-125} ........................................... passed
When method Post .......................................................... passed
Then status 200 ........................................................... passed
* url apiUrl .............................................................. passed
Given path 'parqueo/consultaPlaca' ........................................ passed
And request {"texto":  AZF-044} ........................................... passed
When method Post .......................................................... passed
Then status 200 ........................................................... passed
* url apiUrl .............................................................. passed
Given path 'parqueo/consultaPlaca' ........................................ passed
And request {"texto":  F2A-199} ........................................... passed
When method Post .......................................................... passed
Then status 200 ........................................................... passed
* url apiUrl .............................................................. passed
[...]
And request {"texto":  034-FJG} ........................................... passed
When method Post .......................................................... passed
Then status 200 ........................................................... passed
* url apiUrl .............................................................. passed
Given path 'parqueo/consultaPlaca' ........................................ passed
And request {"texto":  090-29F} ........................................... passed
When method Post .......................................................... passed
Then status 200 ........................................................... passed
* url apiUrl .............................................................. passed
Given path 'parqueo/consultaPlaca' ........................................ passed
And request {"texto":  WWW-092} ........................................... passed
When method Post .......................................................... passed
Then status 200 ........................................................... passed
* url apiUrl .............................................................. passed
Given path 'parqueo/consultaPlaca' ........................................ passed
And request {"texto":  007-KGB} ........................................... passed
When method Post .......................................................... passed
Then status 200 ........................................................... passed
* url apiUrl .............................................................. passed
Given path 'parqueo/consultaPlaca' ........................................ passed
And request {"texto":  XXX-123} ........................................... passed
When method Post .......................................................... passed
Then status 200 ........................................................... passed
* url apiUrl .............................................................. passed
Given path 'parqueo/consultaPlaca' ........................................ passed
And request {"texto":  XYZ-123} ........................................... passed
When method Post .......................................................... passed
Then status 200 ........................................................... passed
* url apiUrl .............................................................. passed
Given path 'parqueo/consultaPlaca' ........................................ passed
And request {"texto":  ABC-123} ........................................... passed
When method Post .......................................................... passed
Then status 200 ........................................................... passed
* url apiUrl .............................................................. passed
Given path 'parqueo/consultaPlaca' ........................................ passed
And request {"texto":  F5G-483} ........................................... passed
When method Post .......................................................... passed
Then status 200 ........................................................... passed
* url apiUrl .............................................................. passed
Given path 'parqueo/consultaPlaca' ........................................ passed
And request {"texto":  F5G-489} ........................................... passed
When method Post .......................................................... passed
Then status 200 ........................................................... passed
* url apiUrl .............................................................. passed
Given path 'parqueo/consultaPlaca' ........................................ passed
And request {"texto":  090-CVF} ........................................... passed
When method Post .......................................................... passed
Then status 200 ........................................................... passed
* url apiUrl .............................................................. passed
Given path 'parqueo/consultaPlaca' ........................................ passed
And request {"texto":  ARW-173} ........................................... passed
When method Post .......................................................... passed
Then status 200 ........................................................... passed
* url apiUrl .............................................................. passed
Given path 'parqueo/consultaPlaca' ........................................ passed
And request {"texto":  AZH-404} ........................................... passed
When method Post .......................................................... passed
Then status 200 ........................................................... passed
* url apiUrl .............................................................. passed
Given path 'parqueo/consultaPlaca' ........................................ passed
And request {"texto":  A4M-352} ........................................... passed
When method Post .......................................................... passed
Then status 200 ........................................................... passed</system-out>
   </testcase>
   <testcase classname="src.test.java.parkingApp.feature.plaqueoVehicular"
             name="consultar plaqueos desde csv"
             time="0.009749">
      <system-out>* url apiUrl .............................................................. passed
Given path 'parqueo/consultaPlaca' ........................................ passed
And request {"texto":  PRUEBA} ............................................ passed
When method Post .......................................................... passed
Then status 200 ........................................................... passed
* url apiUrl .............................................................. passed
Given path 'parqueo/consultaPlaca' ........................................ passed
And request {"texto":  Ffv-ghk} ........................................... passed
When method Post .......................................................... passed
Then status 200 ........................................................... passed
* url apiUrl .............................................................. passed
Given path 'parqueo/consultaPlaca' ........................................ passed
And request {"texto":  Abc-457} ........................................... passed
When method Post .......................................................... passed
Then status 200 ........................................................... passed
* url apiUrl .............................................................. passed
Given path 'parqueo/consultaPlaca' ........................................ passed
And request {"texto":  F5G-482} ........................................... passed
When method Post .......................................................... passed
Then status 200 ........................................................... passed
* url apiUrl .............................................................. passed
Given path 'parqueo/consultaPlaca' ........................................ passed
And request {"texto":  AWX-560} ........................................... passed
When method Post .......................................................... passed
Then status 200 ........................................................... passed
* url apiUrl .............................................................. passed
Given path 'parqueo/consultaPlaca' ........................................ passed
And request {"texto":  AJN-123} ........................................... passed
When method Post .......................................................... passed
Then status 200 ........................................................... passed
* url apiUrl .............................................................. passed
Given path 'parqueo/consultaPlaca' ........................................ passed
And request {"texto":  RIH-166} ........................................... passed
When method Post .......................................................... passed
Then status 200 ........................................................... passed
* url apiUrl .............................................................. passed
Given path 'parqueo/consultaPlaca' ........................................ passed
And request {"texto":  A1A-602} ........................................... passed
When method Post .......................................................... passed
Then status 200 ........................................................... passed
* url apiUrl .............................................................. passed
Given path 'parqueo/consultaPlaca' ........................................ passed
And request {"texto":  F5M-607} ........................................... passed
When method Post .......................................................... passed
Then status 200 ........................................................... passed
* url apiUrl .............................................................. passed
Given path 'parqueo/consultaPlaca' ........................................ passed
And request {"texto":  AMP-125} ........................................... passed
When method Post .......................................................... passed
Then status 200 ........................................................... passed
* url apiUrl .............................................................. passed
Given path 'parqueo/consultaPlaca' ........................................ passed
And request {"texto":  AZF-044} ........................................... passed
When method Post .......................................................... passed
Then status 200 ........................................................... passed
* url apiUrl .............................................................. passed
Given path 'parqueo/consultaPlaca' ........................................ passed
And request {"texto":  F2A-199} ........................................... passed
When method Post .......................................................... passed
Then status 200 ........................................................... passed
* url apiUrl .............................................................. passed
Given path 'parqueo/consultaPlaca' ........................................ passed
And request {"texto":  T1V-416} ........................................... passed
When method Post .......................................................... passed
Then status 200 ........................................................... passed
* url apiUrl .............................................................. passed
Given path 'parqueo/consultaPlaca' ........................................ passed
And request {"texto":  WF0-293} ........................................... passed
When method Post .......................................................... passed
Then status 200 ........................................................... passed
* url apiUrl .............................................................. passed
Given path 'parqueo/consultaPlaca' ........................................ passed
And request {"texto":  f95-232} ........................................... passed
When method Post .......................................................... passed
Then status 200 ........................................................... passed
* url apiUrl .............................................................. passed
Given path 'parqueo/consultaPlaca' ........................................ passed
And request {"texto":  WJ5-032} ........................................... passed
When method Post .......................................................... passed
Then status 200 ........................................................... passed
* url apiUrl .............................................................. passed
Given path 'parqueo/consultaPlaca' ........................................ passed
And request {"texto":  000-FFF} ........................................... passed
When method Post .......................................................... passed
Then status 200 ........................................................... passed
* url apiUrl .............................................................. passed
Given path 'parqueo/consultaPlaca' ........................................ passed
And request {"texto":  P02-239} ........................................... passed
When method Post .......................................................... passed
Then status 200 ........................................................... passed
* url apiUrl .............................................................. passed
Given path 'parqueo/consultaPlaca' ........................................ passed
And request {"texto":  6KF-943} ........................................... passed
When method Post .......................................................... passed
Then status 200 ........................................................... passed
* url apiUrl .............................................................. passed
Given path 'parqueo/consultaPlaca' ........................................ passed
And request {"texto":  eor-203} ........................................... passed
When method Post .......................................................... passed
Then status 200 ........................................................... passed
* url apiUrl .............................................................. passed
Given path 'parqueo/consultaPlaca' ........................................ passed
And request {"texto":  V49-029} ........................................... passed
When method Post .......................................................... passed
Then status 200 ........................................................... passed
* url apiUrl .............................................................. passed
Given path 'parqueo/consultaPlaca' ........................................ passed
And request {"texto":  034-FJG} ........................................... passed
When method Post .......................................................... passed
Then status 200 ........................................................... passed
* url apiUrl .............................................................. passed
Given path 'parqueo/consultaPlaca' ........................................ passed
And request {"texto":  090-29F} ........................................... passed
When method Post .......................................................... passed
Then status 200 ........................................................... passed
* url apiUrl .............................................................. passed
Given path 'parqueo/consultaPlaca' ........................................ passed
And request {"texto":  WWW-092} ........................................... passed
When method Post .......................................................... passed
Then status 200 ........................................................... passed
* url apiUrl .............................................................. passed
Given path 'parqueo/consultaPlaca' ........................................ passed
And request {"texto":  007-KGB} ........................................... passed
When method Post .......................................................... passed
Then status 200 ........................................................... passed
* url apiUrl .............................................................. passed
Given path 'parqueo/consultaPlaca' ........................................ passed
And request {"texto":  XXX-123} ........................................... passed
When method Post .......................................................... passed
Then status 200 ........................................................... passed
* url apiUrl .............................................................. passed
Given path 'parqueo/consultaPlaca' ........................................ passed
And request {"texto":  XYZ-123} ........................................... passed
When method Post .......................................................... passed
Then status 200 ........................................................... passed
* url apiUrl .............................................................. passed
Given path 'parqueo/consultaPlaca' ........................................ passed
And request {"texto":  ABC-123} ........................................... passed
When method Post .......................................................... passed
Then status 200 ........................................................... passed
* url apiUrl .............................................................. passed
Given path 'parqueo/consultaPlaca' ........................................ passed
And request {"texto":  F5G-483} ........................................... passed
When method Post .......................................................... passed
Then status 200 ........................................................... passed
* url apiUrl .............................................................. passed
Given path 'parqueo/consultaPlaca' ........................................ passed
And request {"texto":  F5G-489} ........................................... passed
When method Post .......................................................... passed
Then status 200 ........................................................... passed
* url apiUrl .............................................................. passed
Given path 'parqueo/consultaPlaca' ........................................ passed
And request {"texto":  090-CVF} ........................................... passed
When method Post .......................................................... passed
Then status 200 ........................................................... passed
* url apiUrl .............................................................. passed
Given path 'parqueo/consultaPlaca' ........................................ passed
And request {"texto":  ARW-173} ........................................... passed
When method Post .......................................................... passed
Then status 200 ........................................................... passed
* url apiUrl .............................................................. passed
Given path 'parqueo/consultaPlaca' ........................................ passed
And request {"texto":  AZH-404} ........................................... passed
When method Post .......................................................... passed
Then status 200 ........................................................... passed
* url apiUrl .............................................................. passed
Given path 'parqueo/consultaPlaca' ........................................ passed
And request {"texto":  A4M-352} ........................................... passed
When method Post .......................................................... passed
Then status 200 ........................................................... passed
* url apiUrl .............................................................. passed
Given path 'parqueo/consultaPlaca' ........................................ passed
And request {"texto":  F5G-481} ........................................... passed
When method Post .......................................................... passed
Then status 200 ........................................................... passed</system-out>
   </testcase>
</testsuite>
