<testsuite failures="1"
           name="src/test/java/parkingApp/feature/logOn.feature"
           skipped="0"
           tests="1"
           time="0.004876">
   <testcase classname="src.test.java.parkingApp.feature.logOn"
             name="Login succesfully into ParkingApp"
             time="0.004876">
      <failure message="-unknown-:6 - javascript evaluation failed: apiGetAccountInfoUrl, ReferenceError: &#34;apiGetAccountInfoUrl&#34; is not defined in &lt;eval&gt; at line number 1">* url apiGoogleUrl ........................................................ passed
* url apiUrl .............................................................. passed
* url apiGetAccountInfoUrl ................................................ failed

Stack Trace:
com.intuit.karate.exception.KarateException: -unknown-:6 - javascript evaluation failed: apiGetAccountInfoUrl, ReferenceError: "apiGetAccountInfoUrl" is not defined in &lt;eval&gt; at line number 1&#xD;
	at âœ½.* url apiGetAccountInfoUrl (-unknown-:6)&#xD;

When request .............................................................. skipped
And method Post ........................................................... skipped
Then status 200 ........................................................... skipped
* def token = response.idToken ............................................ skipped
* def refreshToken = response.refreshToken ................................ skipped
And match token != refreshToken ........................................... skipped</failure>
   </testcase>
</testsuite>
